INFO:IP-SML,GeneticAlgorithm,1:GPOL,1,0,0,3,tensor(1.1308),tensor(1.0695, dtype=torch.float64),213.91455078125,2416.705810546875,[sub, tensor(4.3934), 5]
INFO:IP-SML,GeneticAlgorithm,1:GPOL,1,1,0.1608288288116455,5,tensor(0.5321),tensor(0.5201, dtype=torch.float64),5.215620517730713,10.454050064086914,[add, tensor(4.4174), div, 5, 5]
INFO:IP-SML,GeneticAlgorithm,1:GPOL,1,2,0.19243335723876953,9,tensor(0.4963),tensor(0.5405, dtype=torch.float64),4.00896692276001,11.30998706817627,[add, tensor(4.4174), div, 5, add, tensor(4.4174), add, tensor(1.3668), 10]
INFO:IP-SML,GeneticAlgorithm,1:GPOL,1,3,0.1657543182373047,1,tensor(0.4763),tensor(0.4877, dtype=torch.float64),11.978471755981445,44.02058792114258,[tensor(4.4174)]
INFO:IP-SML,GeneticAlgorithm,1:GPOL,1,4,0.15194487571716309,11,tensor(0.0687),tensor(0.0715, dtype=torch.float64),4.897365665041613e+17,2.0727253785263473e+18,[add, tensor(4.4174), div, tensor(4.4174), add, tensor(4.4174), add, tensor(4.4174), div, 5, 5]
INFO:IP-SML,GeneticAlgorithm,1:GPOL,1,5,0.1423041820526123,11,tensor(0.0687),tensor(0.0715, dtype=torch.float64),1.7315374612808228,5.171870231628418,[add, tensor(4.4174), div, tensor(4.4174), add, tensor(4.4174), add, tensor(4.4174), div, 5, 5]
INFO:IP-SML,GeneticAlgorithm,1:GPOL,1,6,0.1562957763671875,11,tensor(0.0687),tensor(0.0715, dtype=torch.float64),1.30596417734443e+18,3.2227015663602893e+18,[add, tensor(4.4174), div, tensor(4.4174), add, tensor(4.4174), add, tensor(4.4174), div, 5, 5]
INFO:IP-SML,GeneticAlgorithm,1:GPOL,1,7,0.1673877239227295,11,tensor(0.0687),tensor(0.0715, dtype=torch.float64),2.407871366079447e+18,4.0600228267431035e+18,[add, tensor(4.4174), div, tensor(4.4174), add, tensor(4.4174), add, tensor(4.4174), div, 5, 5]
INFO:IP-SML,GeneticAlgorithm,1:GPOL,1,8,0.16747570037841797,11,tensor(0.0687),tensor(0.0715, dtype=torch.float64),3.305721841082958e+18,4.432724558088241e+18,[add, tensor(4.4174), div, tensor(4.4174), add, tensor(4.4174), add, tensor(4.4174), div, 5, 5]
INFO:IP-SML,GeneticAlgorithm,1:GPOL,1,9,0.16354703903198242,11,tensor(0.0687),tensor(0.0715, dtype=torch.float64),3.1016648524735447e+18,4.3671356658344264e+18,[add, tensor(4.4174), div, tensor(4.4174), add, tensor(4.4174), add, tensor(4.4174), div, 5, 5]
INFO:IP-SML,GeneticAlgorithm,1:GPOL,1,10,0.17720365524291992,11,tensor(0.0687),tensor(0.0715, dtype=torch.float64),3.264910443361075e+18,4.4204416388164485e+18,[add, tensor(4.4174), div, tensor(4.4174), add, tensor(4.4174), add, tensor(4.4174), div, 5, 5]
INFO:IP-SML,GeneticAlgorithm,1:GPOL,1,11,0.15568065643310547,11,tensor(0.0687),tensor(0.0715, dtype=torch.float64),2.938419536463921e+18,4.3069602190799667e+18,[add, tensor(4.4174), div, tensor(4.4174), add, tensor(4.4174), add, tensor(4.4174), div, 5, 5]
INFO:IP-SML,GeneticAlgorithm,1:GPOL,1,12,0.15273284912109375,11,tensor(0.0687),tensor(0.0715, dtype=torch.float64),3.3465332388048404e+18,4.4445973595228733e+18,[add, tensor(4.4174), div, tensor(4.4174), add, tensor(4.4174), add, tensor(4.4174), div, 5, 5]
INFO:IP-SML,GeneticAlgorithm,1:GPOL,1,13,0.16269898414611816,11,tensor(0.0687),tensor(0.0715, dtype=torch.float64),2.979230659307897e+18,4.3226631692699566e+18,[add, tensor(4.4174), div, tensor(4.4174), add, tensor(4.4174), add, tensor(4.4174), div, 5, 5]
INFO:IP-SML,GeneticAlgorithm,1:GPOL,1,14,0.16147303581237793,11,tensor(0.0687),tensor(0.0715, dtype=torch.float64),3.4689674319704883e+18,4.477785293373571e+18,[add, tensor(4.4174), div, tensor(4.4174), add, tensor(4.4174), add, tensor(4.4174), div, 5, 5]
INFO:IP-SML,GeneticAlgorithm,1:GPOL,1,15,0.18320512771606445,11,tensor(0.0687),tensor(0.0715, dtype=torch.float64),3.1016648524735447e+18,4.3671356658344264e+18,[add, tensor(4.4174), div, tensor(4.4174), add, tensor(4.4174), add, tensor(4.4174), div, 5, 5]
INFO:IP-SML,GeneticAlgorithm,1:GPOL,1,16,0.1911296844482422,11,tensor(0.0687),tensor(0.0715, dtype=torch.float64),2.979230659307897e+18,4.3226631692699566e+18,[add, tensor(4.4174), div, tensor(4.4174), add, tensor(4.4174), add, tensor(4.4174), div, 5, 5]
INFO:IP-SML,GeneticAlgorithm,1:GPOL,1,17,0.16391777992248535,11,tensor(0.0687),tensor(0.0715, dtype=torch.float64),2.8976081387420385e+18,4.290809767657472e+18,[add, tensor(4.4174), div, tensor(4.4174), add, tensor(4.4174), add, tensor(4.4174), div, 5, 5]
INFO:IP-SML,GeneticAlgorithm,1:GPOL,1,18,0.1864640712738037,11,tensor(0.0687),tensor(0.0715, dtype=torch.float64),3.0200420570297795e+18,4.3379235660297667e+18,[add, tensor(4.4174), div, tensor(4.4174), add, tensor(4.4174), add, tensor(4.4174), div, 5, 5]
INFO:IP-SML,GeneticAlgorithm,1:GPOL,1,19,0.16327691078186035,11,tensor(0.0687),tensor(0.0715, dtype=torch.float64),3.18328764791731e+18,4.394630878232314e+18,[add, tensor(4.4174), div, tensor(4.4174), add, tensor(4.4174), add, tensor(4.4174), div, 5, 5]
INFO:IP-SML,GeneticAlgorithm,1:GPOL,1,20,0.18172025680541992,11,tensor(0.0687),tensor(0.0715, dtype=torch.float64),3.4281560342486057e+18,4.467124703508562e+18,[add, tensor(4.4174), div, tensor(4.4174), add, tensor(4.4174), add, tensor(4.4174), div, 5, 5]
INFO:IP-SML,GeneticAlgorithm,1:GPOL,1,21,0.17161989212036133,11,tensor(0.0687),tensor(0.0715, dtype=torch.float64),3.264910443361075e+18,4.4204416388164485e+18,[add, tensor(4.4174), div, tensor(4.4174), add, tensor(4.4174), add, tensor(4.4174), div, 5, 5]
INFO:IP-SML,GeneticAlgorithm,1:GPOL,1,22,0.18244600296020508,11,tensor(0.0687),tensor(0.0715, dtype=torch.float64),2.530305559245095e+18,4.1244118769331077e+18,[add, tensor(4.4174), div, tensor(4.4174), add, tensor(4.4174), add, tensor(4.4174), div, 5, 5]
INFO:IP-SML,GeneticAlgorithm,1:GPOL,1,23,0.277010440826416,11,tensor(0.0687),tensor(0.0715, dtype=torch.float64),3.18328764791731e+18,4.394630878232314e+18,[add, tensor(4.4174), div, tensor(4.4174), add, tensor(4.4174), add, tensor(4.4174), div, 5, 5]
INFO:IP-SML,GeneticAlgorithm,1:GPOL,1,24,0.20872950553894043,11,tensor(0.0687),tensor(0.0715, dtype=torch.float64),3.4281560342486057e+18,4.467124703508562e+18,[add, tensor(4.4174), div, tensor(4.4174), add, tensor(4.4174), add, tensor(4.4174), div, 5, 5]
INFO:IP-SML,GeneticAlgorithm,1:GPOL,1,25,0.17906975746154785,11,tensor(0.0687),tensor(0.0715, dtype=torch.float64),3.264910443361075e+18,4.4204416388164485e+18,[add, tensor(4.4174), div, tensor(4.4174), add, tensor(4.4174), add, tensor(4.4174), div, 5, 5]
INFO:IP-SML,GeneticAlgorithm,1:GPOL,1,26,0.1723613739013672,11,tensor(0.0687),tensor(0.0715, dtype=torch.float64),2.652739752410743e+18,4.1842137646120305e+18,[add, tensor(4.4174), div, tensor(4.4174), add, tensor(4.4174), add, tensor(4.4174), div, 5, 5]
INFO:IP-SML,GeneticAlgorithm,1:GPOL,1,27,0.16239595413208008,11,tensor(0.0687),tensor(0.0715, dtype=torch.float64),2.979230659307897e+18,4.3226631692699566e+18,[add, tensor(4.4174), div, tensor(4.4174), add, tensor(4.4174), add, tensor(4.4174), div, 5, 5]
INFO:IP-SML,GeneticAlgorithm,1:GPOL,1,28,0.16494226455688477,11,tensor(0.0687),tensor(0.0715, dtype=torch.float64),3.1424762501954273e+18,4.3810956152164844e+18,[add, tensor(4.4174), div, tensor(4.4174), add, tensor(4.4174), add, tensor(4.4174), div, 5, 5]
INFO:IP-SML,GeneticAlgorithm,1:GPOL,1,29,0.1788616180419922,11,tensor(0.0687),tensor(0.0715, dtype=torch.float64),3.1016648524735447e+18,4.3671356658344264e+18,[add, tensor(4.4174), div, tensor(4.4174), add, tensor(4.4174), add, tensor(4.4174), div, 5, 5]
INFO:IP-SML,GeneticAlgorithm,1:GPOL,1,30,0.17009353637695312,11,tensor(0.0687),tensor(0.0715, dtype=torch.float64),2.856796741020156e+18,4.2742071420780544e+18,[add, tensor(4.4174), div, tensor(4.4174), add, tensor(4.4174), add, tensor(4.4174), div, 5, 5]
INFO:IP-SML,GeneticAlgorithm,1:GPOL,1,31,0.17476916313171387,11,tensor(0.0687),tensor(0.0715, dtype=torch.float64),3.1424762501954273e+18,4.3810956152164844e+18,[add, tensor(4.4174), div, tensor(4.4174), add, tensor(4.4174), add, tensor(4.4174), div, 5, 5]
INFO:IP-SML,GeneticAlgorithm,1:GPOL,1,32,0.1729145050048828,11,tensor(0.0687),tensor(0.0715, dtype=torch.float64),3.18328764791731e+18,4.394630878232314e+18,[add, tensor(4.4174), div, tensor(4.4174), add, tensor(4.4174), add, tensor(4.4174), div, 5, 5]
INFO:IP-SML,GeneticAlgorithm,1:GPOL,1,33,0.16901922225952148,11,tensor(0.0687),tensor(0.0715, dtype=torch.float64),3.4281560342486057e+18,4.467124703508562e+18,[add, tensor(4.4174), div, tensor(4.4174), add, tensor(4.4174), add, tensor(4.4174), div, 5, 5]
INFO:IP-SML,GeneticAlgorithm,1:GPOL,1,34,0.17771148681640625,11,tensor(0.0687),tensor(0.0715, dtype=torch.float64),3.2240990456391926e+18,4.407745028294705e+18,[add, tensor(4.4174), div, tensor(4.4174), add, tensor(4.4174), add, tensor(4.4174), div, 5, 5]
INFO:IP-SML,GeneticAlgorithm,1:GPOL,1,35,0.19175004959106445,11,tensor(0.0687),tensor(0.0715, dtype=torch.float64),3.5505902274142536e+18,4.497915427132801e+18,[add, tensor(4.4174), div, tensor(4.4174), add, tensor(4.4174), add, tensor(4.4174), div, 5, 5]
INFO:IP-SML,GeneticAlgorithm,1:GPOL,1,36,0.17375802993774414,11,tensor(0.0687),tensor(0.0715, dtype=torch.float64),2.979230659307897e+18,4.3226631692699566e+18,[add, tensor(4.4174), div, tensor(4.4174), add, tensor(4.4174), add, tensor(4.4174), div, 5, 5]
INFO:IP-SML,GeneticAlgorithm,1:GPOL,1,37,0.18100690841674805,11,tensor(0.0687),tensor(0.0715, dtype=torch.float64),3.060853454751662e+18,4.352746357161722e+18,[add, tensor(4.4174), div, tensor(4.4174), add, tensor(4.4174), add, tensor(4.4174), div, 1, 1]
INFO:IP-SML,GeneticAlgorithm,1:GPOL,1,38,0.17799973487854004,11,tensor(0.0687),tensor(0.0715, dtype=torch.float64),3.1016648524735447e+18,4.3671356658344264e+18,[add, tensor(4.4174), div, tensor(4.4174), add, tensor(4.4174), add, tensor(4.4174), div, 1, 1]
INFO:IP-SML,GeneticAlgorithm,1:GPOL,1,39,0.18404483795166016,11,tensor(0.0687),tensor(0.0715, dtype=torch.float64),3.2240990456391926e+18,4.407745028294705e+18,[add, tensor(4.4174), div, tensor(4.4174), add, tensor(4.4174), add, tensor(4.4174), div, 5, 5]
INFO:IP-SML,GeneticAlgorithm,1:GPOL,1,40,0.17618274688720703,11,tensor(0.0687),tensor(0.0715, dtype=torch.float64),3.305721841082958e+18,4.432724558088241e+18,[add, tensor(4.4174), div, tensor(4.4174), add, tensor(4.4174), add, tensor(4.4174), div, 5, 5]
INFO:IP-SML,GeneticAlgorithm,1:GPOL,1,41,0.15226054191589355,11,tensor(0.0687),tensor(0.0715, dtype=torch.float64),3.509778829692371e+18,4.4880478600293253e+18,[add, tensor(4.4174), div, tensor(4.4174), add, tensor(4.4174), add, tensor(4.4174), div, 5, 5]
INFO:IP-SML,GeneticAlgorithm,1:GPOL,1,42,0.16282320022583008,11,tensor(0.0687),tensor(0.0715, dtype=torch.float64),3.2240990456391926e+18,4.407745028294705e+18,[add, tensor(4.4174), div, tensor(4.4174), add, tensor(4.4174), add, tensor(4.4174), div, 5, 5]
INFO:IP-SML,GeneticAlgorithm,1:GPOL,1,43,0.17280364036560059,11,tensor(0.0687),tensor(0.0715, dtype=torch.float64),3.264910443361075e+18,4.4204416388164485e+18,[add, tensor(4.4174), div, tensor(4.4174), add, tensor(4.4174), add, tensor(4.4174), div, 5, 5]
INFO:IP-SML,GeneticAlgorithm,1:GPOL,1,44,0.16634702682495117,11,tensor(0.0687),tensor(0.0715, dtype=torch.float64),2.979230659307897e+18,4.3226631692699566e+18,[add, tensor(4.4174), div, tensor(4.4174), add, tensor(4.4174), add, tensor(4.4174), div, 5, 5]
INFO:IP-SML,GeneticAlgorithm,1:GPOL,1,45,0.18628764152526855,11,tensor(0.0687),tensor(0.0715, dtype=torch.float64),3.060853454751662e+18,4.352746357161722e+18,[add, tensor(4.4174), div, tensor(4.4174), add, tensor(4.4174), add, tensor(4.4174), div, 5, 5]
INFO:IP-SML,GeneticAlgorithm,1:GPOL,1,46,0.1778402328491211,11,tensor(0.0687),tensor(0.0715, dtype=torch.float64),3.18328764791731e+18,4.394630878232314e+18,[add, tensor(4.4174), div, tensor(4.4174), add, tensor(4.4174), add, tensor(4.4174), div, 5, 5]
INFO:IP-SML,GeneticAlgorithm,1:GPOL,1,47,0.17964768409729004,11,tensor(0.0687),tensor(0.0715, dtype=torch.float64),3.305721841082958e+18,4.432724558088241e+18,[add, tensor(4.4174), div, tensor(4.4174), add, tensor(4.4174), add, tensor(4.4174), div, 5, 5]
INFO:IP-SML,GeneticAlgorithm,1:GPOL,1,48,0.1698315143585205,11,tensor(0.0687),tensor(0.0715, dtype=torch.float64),2.856796741020156e+18,4.2742071420780544e+18,[add, tensor(4.4174), div, tensor(4.4174), add, tensor(4.4174), add, tensor(4.4174), div, 5, 5]
INFO:IP-SML,GeneticAlgorithm,1:GPOL,1,49,0.17782115936279297,11,tensor(0.0687),tensor(0.0715, dtype=torch.float64),3.264910443361075e+18,4.4204416388164485e+18,[add, tensor(4.4174), div, tensor(4.4174), add, tensor(4.4174), add, tensor(4.4174), div, 5, 5]
INFO:IP-SML,GeneticAlgorithm,1:GPOL,1,50,0.26755404472351074,11,tensor(0.0687),tensor(0.0715, dtype=torch.float64),3.1016648524735447e+18,4.3671356658344264e+18,[add, tensor(4.4174), div, tensor(4.4174), add, tensor(4.4174), add, tensor(4.4174), div, 5, 5]
INFO:IP-SML,GeneticAlgorithm,1:GPOL,1,51,0.17307662963867188,11,tensor(0.0687),tensor(0.0715, dtype=torch.float64),3.4281560342486057e+18,4.467124703508562e+18,[add, tensor(4.4174), div, tensor(4.4174), add, tensor(4.4174), add, tensor(4.4174), div, 5, 5]
INFO:IP-SML,GeneticAlgorithm,1:GPOL,1,52,0.16686558723449707,11,tensor(0.0687),tensor(0.0715, dtype=torch.float64),2.979230659307897e+18,4.3226631692699566e+18,[add, tensor(4.4174), div, tensor(4.4174), add, tensor(4.4174), add, tensor(4.4174), div, 5, 5]
INFO:IP-SML,GeneticAlgorithm,1:GPOL,1,53,0.16788053512573242,11,tensor(0.0687),tensor(0.0715, dtype=torch.float64),3.1016648524735447e+18,4.3671356658344264e+18,[add, tensor(4.4174), div, tensor(4.4174), add, tensor(4.4174), add, tensor(4.4174), div, 5, 5]
INFO:IP-SML,GeneticAlgorithm,1:GPOL,1,54,0.21091604232788086,11,tensor(0.0687),tensor(0.0715, dtype=torch.float64),3.632212747980112e+18,4.516474083898032e+18,[add, tensor(4.4174), div, tensor(4.4174), add, tensor(4.4174), add, tensor(4.4174), div, 5, 5]
INFO:IP-SML,GeneticAlgorithm,1:GPOL,1,55,0.16871094703674316,11,tensor(0.0687),tensor(0.0715, dtype=torch.float64),2.8976081387420385e+18,4.290809767657472e+18,[add, tensor(4.4174), div, tensor(4.4174), add, tensor(4.4174), add, tensor(4.4174), div, tensor(4.4174), tensor(4.4174)]
INFO:IP-SML,GeneticAlgorithm,1:GPOL,1,56,0.16945314407348633,11,tensor(0.0687),tensor(0.0715, dtype=torch.float64),3.387344636526723e+18,4.4560627918994145e+18,[add, tensor(4.4174), div, tensor(4.4174), add, tensor(4.4174), add, tensor(4.4174), div, tensor(4.4174), tensor(4.4174)]
INFO:IP-SML,GeneticAlgorithm,1:GPOL,1,57,0.17676472663879395,11,tensor(0.0687),tensor(0.0715, dtype=torch.float64),3.305721841082958e+18,4.432724558088241e+18,[add, tensor(4.4174), div, tensor(4.4174), add, tensor(4.4174), add, tensor(4.4174), div, tensor(4.4174), tensor(4.4174)]
INFO:IP-SML,GeneticAlgorithm,1:GPOL,1,58,0.17914700508117676,11,tensor(0.0687),tensor(0.0715, dtype=torch.float64),3.2240990456391926e+18,4.407745028294705e+18,[add, tensor(4.4174), div, tensor(4.4174), add, tensor(4.4174), add, tensor(4.4174), div, tensor(4.4174), tensor(4.4174)]
INFO:IP-SML,GeneticAlgorithm,1:GPOL,1,59,0.17129039764404297,11,tensor(0.0687),tensor(0.0715, dtype=torch.float64),2.979230659307897e+18,4.3226631692699566e+18,[add, tensor(4.4174), div, tensor(4.4174), add, tensor(4.4174), add, tensor(4.4174), div, tensor(4.4174), tensor(4.4174)]
INFO:IP-SML,GeneticAlgorithm,1:GPOL,1,60,0.16877484321594238,11,tensor(0.0687),tensor(0.0715, dtype=torch.float64),3.2240990456391926e+18,4.407745028294705e+18,[add, tensor(4.4174), div, tensor(4.4174), add, tensor(4.4174), add, tensor(4.4174), div, tensor(4.4174), tensor(4.4174)]
INFO:IP-SML,GeneticAlgorithm,1:GPOL,1,61,0.15058612823486328,11,tensor(0.0687),tensor(0.0715, dtype=torch.float64),3.305721841082958e+18,4.432724558088241e+18,[add, tensor(4.4174), div, tensor(4.4174), add, tensor(4.4174), add, tensor(4.4174), div, tensor(4.4174), tensor(4.4174)]
INFO:IP-SML,GeneticAlgorithm,1:GPOL,1,62,0.158219575881958,11,tensor(0.0687),tensor(0.0715, dtype=torch.float64),3.1016648524735447e+18,4.3671356658344264e+18,[add, tensor(4.4174), div, tensor(4.4174), add, tensor(4.4174), add, tensor(4.4174), div, tensor(4.4174), tensor(4.4174)]
INFO:IP-SML,GeneticAlgorithm,1:GPOL,1,63,0.15819072723388672,11,tensor(0.0687),tensor(0.0715, dtype=torch.float64),3.632212747980112e+18,4.516474083898032e+18,[add, tensor(4.4174), div, tensor(4.4174), add, tensor(4.4174), add, tensor(4.4174), div, tensor(4.4174), tensor(4.4174)]
INFO:IP-SML,GeneticAlgorithm,1:GPOL,1,64,0.1669013500213623,11,tensor(0.0687),tensor(0.0715, dtype=torch.float64),2.8976081387420385e+18,4.290809767657472e+18,[add, tensor(4.4174), div, tensor(4.4174), add, tensor(4.4174), add, tensor(4.4174), div, tensor(4.4174), tensor(4.4174)]
INFO:IP-SML,GeneticAlgorithm,1:GPOL,1,65,0.15522122383117676,11,tensor(0.0687),tensor(0.0715, dtype=torch.float64),3.18328764791731e+18,4.394630878232314e+18,[add, tensor(4.4174), div, tensor(4.4174), add, tensor(4.4174), add, tensor(4.4174), div, tensor(4.4174), tensor(4.4174)]
INFO:IP-SML,GeneticAlgorithm,1:GPOL,1,66,0.16733455657958984,11,tensor(0.0687),tensor(0.0715, dtype=torch.float64),3.1016648524735447e+18,4.3671356658344264e+18,[add, tensor(4.4174), div, tensor(4.4174), add, tensor(4.4174), add, tensor(4.4174), div, tensor(4.4174), tensor(4.4174)]
INFO:IP-SML,GeneticAlgorithm,1:GPOL,1,67,0.17918086051940918,11,tensor(0.0687),tensor(0.0715, dtype=torch.float64),3.264910443361075e+18,4.4204416388164485e+18,[add, tensor(4.4174), div, tensor(4.4174), add, tensor(4.4174), add, tensor(4.4174), div, tensor(4.4174), tensor(4.4174)]
INFO:IP-SML,GeneticAlgorithm,1:GPOL,1,68,0.1586141586303711,11,tensor(0.0687),tensor(0.0715, dtype=torch.float64),3.2240990456391926e+18,4.407745028294705e+18,[add, tensor(4.4174), div, tensor(4.4174), add, tensor(4.4174), add, tensor(4.4174), div, tensor(4.4174), tensor(4.4174)]
INFO:IP-SML,GeneticAlgorithm,1:GPOL,1,69,0.15726304054260254,11,tensor(0.0687),tensor(0.0715, dtype=torch.float64),3.18328764791731e+18,4.394630878232314e+18,[add, tensor(4.4174), div, tensor(4.4174), add, tensor(4.4174), add, tensor(4.4174), div, tensor(4.4174), tensor(4.4174)]
INFO:IP-SML,GeneticAlgorithm,1:GPOL,1,70,0.16929268836975098,11,tensor(0.0687),tensor(0.0715, dtype=torch.float64),3.1016648524735447e+18,4.3671356658344264e+18,[add, tensor(4.4174), div, tensor(4.4174), add, tensor(4.4174), add, tensor(4.4174), div, tensor(4.4174), tensor(4.4174)]
INFO:IP-SML,GeneticAlgorithm,1:GPOL,1,71,0.1638953685760498,11,tensor(0.0687),tensor(0.0715, dtype=torch.float64),3.387344636526723e+18,4.4560627918994145e+18,[add, tensor(4.4174), div, tensor(4.4174), add, tensor(4.4174), add, tensor(4.4174), div, tensor(4.4174), tensor(4.4174)]
INFO:IP-SML,GeneticAlgorithm,1:GPOL,1,72,0.15454459190368652,11,tensor(0.0687),tensor(0.0715, dtype=torch.float64),2.938419536463921e+18,4.3069602190799667e+18,[add, tensor(4.4174), div, tensor(4.4174), add, tensor(4.4174), add, tensor(4.4174), div, tensor(4.4174), tensor(4.4174)]
INFO:IP-SML,GeneticAlgorithm,1:GPOL,1,73,0.15653395652770996,11,tensor(0.0687),tensor(0.0715, dtype=torch.float64),3.060853454751662e+18,4.352746357161722e+18,[add, tensor(4.4174), div, tensor(4.4174), add, tensor(4.4174), add, tensor(4.4174), div, tensor(4.4174), tensor(4.4174)]
INFO:IP-SML,GeneticAlgorithm,1:GPOL,1,74,0.16415119171142578,11,tensor(0.0687),tensor(0.0715, dtype=torch.float64),3.2240990456391926e+18,4.407745028294705e+18,[add, tensor(4.4174), div, tensor(4.4174), add, tensor(4.4174), add, tensor(4.4174), div, tensor(4.4174), tensor(4.4174)]
INFO:IP-SML,GeneticAlgorithm,1:GPOL,1,75,0.17369461059570312,11,tensor(0.0687),tensor(0.0715, dtype=torch.float64),3.264910443361075e+18,4.4204416388164485e+18,[add, tensor(4.4174), div, tensor(4.4174), add, tensor(4.4174), add, tensor(4.4174), div, tensor(4.4174), tensor(4.4174)]
INFO:IP-SML,GeneticAlgorithm,1:GPOL,1,76,0.15643954277038574,11,tensor(0.0687),tensor(0.0715, dtype=torch.float64),3.387344636526723e+18,4.4560627918994145e+18,[add, tensor(4.4174), div, tensor(4.4174), add, tensor(4.4174), add, tensor(4.4174), div, tensor(4.4174), tensor(4.4174)]
INFO:IP-SML,GeneticAlgorithm,1:GPOL,1,77,0.1511547565460205,11,tensor(0.0687),tensor(0.0715, dtype=torch.float64),2.530305559245095e+18,4.1244118769331077e+18,[add, tensor(4.4174), div, tensor(4.4174), add, tensor(4.4174), add, tensor(4.4174), div, tensor(4.4174), tensor(4.4174)]
INFO:IP-SML,GeneticAlgorithm,1:GPOL,1,78,0.16050457954406738,11,tensor(0.0687),tensor(0.0715, dtype=torch.float64),2.856796741020156e+18,4.2742071420780544e+18,[add, tensor(4.4174), div, tensor(4.4174), add, tensor(4.4174), add, tensor(4.4174), div, tensor(4.4174), tensor(4.4174)]
INFO:IP-SML,GeneticAlgorithm,1:GPOL,1,79,0.16178679466247559,11,tensor(0.0687),tensor(0.0715, dtype=torch.float64),3.1016648524735447e+18,4.3671356658344264e+18,[add, tensor(4.4174), div, tensor(4.4174), add, tensor(4.4174), add, tensor(4.4174), div, tensor(4.4174), tensor(4.4174)]
INFO:IP-SML,GeneticAlgorithm,1:GPOL,1,80,0.16600918769836426,11,tensor(0.0687),tensor(0.0715, dtype=torch.float64),3.4281560342486057e+18,4.467124703508562e+18,[add, tensor(4.4174), div, tensor(4.4174), add, tensor(4.4174), add, tensor(4.4174), div, tensor(4.4174), tensor(4.4174)]
INFO:IP-SML,GeneticAlgorithm,1:GPOL,1,81,0.16391324996948242,11,tensor(0.0687),tensor(0.0715, dtype=torch.float64),3.1016648524735447e+18,4.3671356658344264e+18,[add, tensor(4.4174), div, tensor(4.4174), add, tensor(4.4174), add, tensor(4.4174), div, tensor(4.4174), tensor(4.4174)]
INFO:IP-SML,GeneticAlgorithm,1:GPOL,1,82,0.15073943138122559,11,tensor(0.0687),tensor(0.0715, dtype=torch.float64),2.856796741020156e+18,4.2742071420780544e+18,[add, tensor(4.4174), div, tensor(4.4174), add, tensor(4.4174), add, tensor(4.4174), div, tensor(4.4174), tensor(4.4174)]
INFO:IP-SML,GeneticAlgorithm,1:GPOL,1,83,0.1585397720336914,11,tensor(0.0687),tensor(0.0715, dtype=torch.float64),3.2240990456391926e+18,4.407745028294705e+18,[add, tensor(4.4174), div, tensor(4.4174), add, tensor(4.4174), add, tensor(4.4174), div, tensor(4.4174), tensor(4.4174)]
INFO:IP-SML,GeneticAlgorithm,1:GPOL,1,84,0.16171884536743164,11,tensor(0.0687),tensor(0.0715, dtype=torch.float64),2.8976081387420385e+18,4.290809767657472e+18,[add, tensor(4.4174), div, tensor(4.4174), add, tensor(4.4174), add, tensor(4.4174), div, tensor(4.4174), tensor(4.4174)]
INFO:IP-SML,GeneticAlgorithm,1:GPOL,1,85,0.1781008243560791,11,tensor(0.0687),tensor(0.0715, dtype=torch.float64),3.4689674319704883e+18,4.477785293373571e+18,[add, tensor(4.4174), div, tensor(4.4174), add, tensor(4.4174), add, tensor(4.4174), div, tensor(4.4174), tensor(4.4174)]
INFO:IP-SML,GeneticAlgorithm,1:GPOL,1,86,0.16300559043884277,11,tensor(0.0687),tensor(0.0715, dtype=torch.float64),3.2240990456391926e+18,4.407745028294705e+18,[add, tensor(4.4174), div, tensor(4.4174), add, tensor(4.4174), add, tensor(4.4174), div, tensor(4.4174), tensor(4.4174)]
INFO:IP-SML,GeneticAlgorithm,1:GPOL,1,87,0.16068243980407715,11,tensor(0.0687),tensor(0.0715, dtype=torch.float64),3.0200420570297795e+18,4.3379235660297667e+18,[add, tensor(4.4174), div, tensor(4.4174), add, tensor(4.4174), add, tensor(4.4174), div, tensor(4.4174), tensor(4.4174)]
INFO:IP-SML,GeneticAlgorithm,1:GPOL,1,88,0.16406583786010742,11,tensor(0.0687),tensor(0.0715, dtype=torch.float64),3.2240990456391926e+18,4.407745028294705e+18,[add, tensor(4.4174), div, tensor(4.4174), add, tensor(4.4174), add, tensor(4.4174), div, tensor(4.4174), tensor(4.4174)]
INFO:IP-SML,GeneticAlgorithm,1:GPOL,1,89,0.1692943572998047,11,tensor(0.0687),tensor(0.0715, dtype=torch.float64),3.509778829692371e+18,4.4880478600293253e+18,[add, tensor(4.4174), div, tensor(4.4174), add, tensor(4.4174), add, tensor(4.4174), div, tensor(4.4174), tensor(4.4174)]
INFO:IP-SML,GeneticAlgorithm,1:GPOL,1,90,0.16248512268066406,11,tensor(0.0687),tensor(0.0715, dtype=torch.float64),2.8976081387420385e+18,4.290809767657472e+18,[add, tensor(4.4174), div, tensor(4.4174), add, tensor(4.4174), add, tensor(4.4174), div, tensor(4.4174), tensor(4.4174)]
INFO:IP-SML,GeneticAlgorithm,1:GPOL,1,91,0.16669082641601562,11,tensor(0.0687),tensor(0.0715, dtype=torch.float64),3.264910443361075e+18,4.4204416388164485e+18,[add, tensor(4.4174), div, tensor(4.4174), add, tensor(4.4174), add, tensor(4.4174), div, tensor(4.4174), tensor(4.4174)]
INFO:IP-SML,GeneticAlgorithm,1:GPOL,1,92,0.15840864181518555,11,tensor(0.0687),tensor(0.0715, dtype=torch.float64),3.18328764791731e+18,4.394630878232314e+18,[add, tensor(4.4174), div, tensor(4.4174), add, tensor(4.4174), add, tensor(4.4174), div, tensor(4.4174), tensor(4.4174)]
INFO:IP-SML,GeneticAlgorithm,1:GPOL,1,93,0.15880274772644043,11,tensor(0.0687),tensor(0.0715, dtype=torch.float64),3.2240990456391926e+18,4.407745028294705e+18,[add, tensor(4.4174), div, tensor(4.4174), add, tensor(4.4174), add, tensor(4.4174), div, tensor(4.4174), tensor(4.4174)]
INFO:IP-SML,GeneticAlgorithm,1:GPOL,1,94,0.1603407859802246,11,tensor(0.0687),tensor(0.0715, dtype=torch.float64),3.1016648524735447e+18,4.3671356658344264e+18,[add, tensor(4.4174), div, tensor(4.4174), add, tensor(4.4174), add, tensor(4.4174), div, tensor(4.4174), tensor(4.4174)]
INFO:IP-SML,GeneticAlgorithm,1:GPOL,1,95,0.16416454315185547,11,tensor(0.0687),tensor(0.0715, dtype=torch.float64),3.2240990456391926e+18,4.407745028294705e+18,[add, tensor(4.4174), div, tensor(4.4174), add, tensor(4.4174), add, tensor(4.4174), div, tensor(4.4174), tensor(4.4174)]
INFO:IP-SML,GeneticAlgorithm,1:GPOL,1,96,0.14876031875610352,11,tensor(0.0687),tensor(0.0715, dtype=torch.float64),2.7751739455763907e+18,4.239623103337988e+18,[add, tensor(4.4174), div, tensor(4.4174), add, tensor(4.4174), add, tensor(4.4174), div, tensor(4.4174), tensor(4.4174)]
INFO:IP-SML,GeneticAlgorithm,1:GPOL,1,97,0.16979551315307617,11,tensor(0.0687),tensor(0.0715, dtype=torch.float64),3.2240990456391926e+18,4.407745028294705e+18,[add, tensor(4.4174), div, tensor(4.4174), add, tensor(4.4174), add, tensor(4.4174), div, tensor(4.4174), tensor(4.4174)]
INFO:IP-SML,GeneticAlgorithm,1:GPOL,1,98,0.1634502410888672,11,tensor(0.0687),tensor(0.0715, dtype=torch.float64),2.938419536463921e+18,4.3069602190799667e+18,[add, tensor(4.4174), div, tensor(4.4174), add, tensor(4.4174), add, tensor(4.4174), div, tensor(4.4174), tensor(4.4174)]
INFO:IP-SML,GeneticAlgorithm,1:GPOL,1,99,0.167496919631958,11,tensor(0.0687),tensor(0.0715, dtype=torch.float64),3.305721841082958e+18,4.432724558088241e+18,[add, tensor(4.4174), div, tensor(4.4174), add, tensor(4.4174), add, tensor(4.4174), div, tensor(4.4174), tensor(4.4174)]
INFO:IP-SML,GeneticAlgorithm,1:GPOL,1,100,0.1639559268951416,11,tensor(0.0687),tensor(0.0715, dtype=torch.float64),3.305721841082958e+18,4.432724558088241e+18,[add, tensor(4.4174), div, tensor(4.4174), add, tensor(4.4174), add, tensor(4.4174), div, tensor(4.4174), tensor(4.4174)]
INFO:IP-SML,GeneticAlgorithm,1:GPOL,1,101,0.19520974159240723,11,tensor(0.0687),tensor(0.0715, dtype=torch.float64),3.3465332388048404e+18,4.4445973595228733e+18,[add, tensor(4.4174), div, tensor(4.4174), add, tensor(4.4174), add, tensor(4.4174), div, tensor(4.4174), tensor(4.4174)]
INFO:IP-SML,GeneticAlgorithm,1:GPOL,1,102,0.17247915267944336,11,tensor(0.0687),tensor(0.0715, dtype=torch.float64),2.856796741020156e+18,4.2742071420780544e+18,[add, tensor(4.4174), div, tensor(4.4174), add, tensor(4.4174), add, tensor(4.4174), div, tensor(4.4174), tensor(4.4174)]
INFO:IP-SML,GeneticAlgorithm,1:GPOL,1,103,0.16700291633605957,11,tensor(0.0687),tensor(0.0715, dtype=torch.float64),3.264910443361075e+18,4.4204416388164485e+18,[add, tensor(4.4174), div, tensor(4.4174), add, tensor(4.4174), add, tensor(4.4174), div, tensor(4.4174), tensor(4.4174)]
INFO:IP-SML,GeneticAlgorithm,1:GPOL,1,104,0.15903973579406738,11,tensor(0.0687),tensor(0.0715, dtype=torch.float64),3.2240990456391926e+18,4.407745028294705e+18,[add, tensor(4.4174), div, tensor(4.4174), add, tensor(4.4174), add, tensor(4.4174), div, tensor(4.4174), tensor(4.4174)]
INFO:IP-SML,GeneticAlgorithm,1:GPOL,1,105,0.17533135414123535,11,tensor(0.0687),tensor(0.0715, dtype=torch.float64),3.3465332388048404e+18,4.4445973595228733e+18,[add, tensor(4.4174), div, tensor(4.4174), add, add, tensor(4.4174), div, tensor(4.4174), tensor(4.4174), tensor(4.4174)]
INFO:IP-SML,GeneticAlgorithm,1:GPOL,1,106,0.16054987907409668,11,tensor(0.0687),tensor(0.0715, dtype=torch.float64),3.0200420570297795e+18,4.3379235660297667e+18,[add, tensor(4.4174), div, tensor(4.4174), add, tensor(4.4174), add, tensor(4.4174), div, tensor(4.4174), tensor(4.4174)]
INFO:IP-SML,GeneticAlgorithm,1:GPOL,1,107,0.16607975959777832,11,tensor(0.0687),tensor(0.0715, dtype=torch.float64),3.3465332388048404e+18,4.4445973595228733e+18,[add, tensor(4.4174), div, tensor(4.4174), add, add, tensor(4.4174), div, tensor(4.4174), tensor(4.4174), tensor(4.4174)]
INFO:IP-SML,GeneticAlgorithm,1:GPOL,1,108,0.1782064437866211,11,tensor(0.0687),tensor(0.0715, dtype=torch.float64),3.3465332388048404e+18,4.4445973595228733e+18,[add, tensor(4.4174), div, tensor(4.4174), add, tensor(4.4174), add, tensor(4.4174), div, tensor(4.4174), tensor(4.4174)]
INFO:IP-SML,GeneticAlgorithm,1:GPOL,1,109,0.17729640007019043,11,tensor(0.0687),tensor(0.0715, dtype=torch.float64),2.8159853432982733e+18,4.257146844783575e+18,[add, tensor(4.4174), div, tensor(4.4174), add, add, tensor(4.4174), div, tensor(4.4174), tensor(4.4174), tensor(4.4174)]
INFO:IP-SML,GeneticAlgorithm,1:GPOL,1,110,0.15544939041137695,11,tensor(0.0687),tensor(0.0715, dtype=torch.float64),3.264910443361075e+18,4.4204416388164485e+18,[add, tensor(4.4174), div, tensor(4.4174), add, tensor(4.4174), add, tensor(4.4174), div, tensor(4.4174), tensor(4.4174)]
INFO:IP-SML,GeneticAlgorithm,1:GPOL,1,111,0.17877483367919922,11,tensor(0.0687),tensor(0.0715, dtype=torch.float64),3.591401625136136e+18,4.507389918829347e+18,[add, tensor(4.4174), div, tensor(4.4174), add, tensor(4.4174), add, tensor(4.4174), div, tensor(4.4174), tensor(4.4174)]
INFO:IP-SML,GeneticAlgorithm,1:GPOL,1,112,0.16023659706115723,11,tensor(0.0687),tensor(0.0715, dtype=torch.float64),2.7751739455763907e+18,4.239623103337988e+18,[add, tensor(4.4174), div, tensor(4.4174), add, tensor(4.4174), add, tensor(4.4174), div, tensor(4.4174), tensor(4.4174)]
INFO:IP-SML,GeneticAlgorithm,1:GPOL,1,113,0.15528535842895508,11,tensor(0.0687),tensor(0.0715, dtype=torch.float64),2.7751739455763907e+18,4.239623103337988e+18,[add, tensor(4.4174), div, tensor(4.4174), add, tensor(4.4174), add, tensor(4.4174), div, tensor(4.4174), tensor(4.4174)]
INFO:IP-SML,GeneticAlgorithm,1:GPOL,1,114,0.15790820121765137,11,tensor(0.0687),tensor(0.0715, dtype=torch.float64),2.7751739455763907e+18,4.239623103337988e+18,[add, tensor(4.4174), div, tensor(4.4174), add, add, tensor(4.4174), div, tensor(4.4174), tensor(4.4174), tensor(4.4174)]
INFO:IP-SML,GeneticAlgorithm,1:GPOL,1,115,0.15236759185791016,11,tensor(0.0687),tensor(0.0715, dtype=torch.float64),3.305721841082958e+18,4.432724558088241e+18,[add, tensor(4.4174), div, tensor(4.4174), add, tensor(4.4174), add, tensor(4.4174), div, tensor(4.4174), tensor(4.4174)]
INFO:IP-SML,GeneticAlgorithm,1:GPOL,1,116,0.15434598922729492,11,tensor(0.0687),tensor(0.0715, dtype=torch.float64),3.305721841082958e+18,4.432724558088241e+18,[add, tensor(4.4174), div, tensor(4.4174), add, tensor(4.4174), add, tensor(4.4174), div, tensor(4.4174), tensor(4.4174)]
INFO:IP-SML,GeneticAlgorithm,1:GPOL,1,117,0.16502642631530762,11,tensor(0.0687),tensor(0.0715, dtype=torch.float64),3.6730241457019945e+18,4.5251706711179264e+18,[add, tensor(4.4174), div, tensor(4.4174), add, tensor(4.4174), add, tensor(4.4174), div, tensor(4.4174), tensor(4.4174)]
INFO:IP-SML,GeneticAlgorithm,1:GPOL,1,118,0.2198805809020996,11,tensor(0.0687),tensor(0.0715, dtype=torch.float64),2.856796741020156e+18,4.2742071420780544e+18,[add, tensor(4.4174), div, tensor(4.4174), add, tensor(4.4174), add, tensor(4.4174), div, tensor(4.4174), tensor(4.4174)]
INFO:IP-SML,GeneticAlgorithm,1:GPOL,1,119,0.17734265327453613,11,tensor(0.0687),tensor(0.0715, dtype=torch.float64),2.938419536463921e+18,4.3069602190799667e+18,[add, tensor(4.4174), div, tensor(4.4174), add, tensor(4.4174), add, tensor(4.4174), div, tensor(4.4174), tensor(4.4174)]
INFO:IP-SML,GeneticAlgorithm,1:GPOL,1,120,0.1593456268310547,11,tensor(0.0687),tensor(0.0715, dtype=torch.float64),3.1424762501954273e+18,4.3810956152164844e+18,[add, tensor(4.4174), div, tensor(4.4174), add, tensor(4.4174), add, tensor(4.4174), div, tensor(4.4174), tensor(4.4174)]
INFO:IP-SML,GeneticAlgorithm,1:GPOL,1,121,0.17238426208496094,11,tensor(0.0687),tensor(0.0715, dtype=torch.float64),3.0200420570297795e+18,4.3379235660297667e+18,[add, tensor(4.4174), div, tensor(4.4174), add, tensor(4.4174), add, tensor(4.4174), div, tensor(4.4174), tensor(4.4174)]
INFO:IP-SML,GeneticAlgorithm,1:GPOL,1,122,0.1675739288330078,11,tensor(0.0687),tensor(0.0715, dtype=torch.float64),2.979230659307897e+18,4.3226631692699566e+18,[add, tensor(4.4174), div, tensor(4.4174), add, add, tensor(4.4174), div, tensor(4.4174), tensor(4.4174), tensor(4.4174)]
INFO:IP-SML,GeneticAlgorithm,1:GPOL,1,123,0.16431808471679688,11,tensor(0.0687),tensor(0.0715, dtype=torch.float64),3.509778829692371e+18,4.4880478600293253e+18,[add, tensor(4.4174), div, tensor(4.4174), add, tensor(4.4174), add, tensor(4.4174), div, tensor(4.4174), tensor(4.4174)]
INFO:IP-SML,GeneticAlgorithm,1:GPOL,1,124,0.1580958366394043,11,tensor(0.0687),tensor(0.0715, dtype=torch.float64),3.2240990456391926e+18,4.407745028294705e+18,[add, tensor(4.4174), div, tensor(4.4174), add, tensor(4.4174), add, tensor(4.4174), div, tensor(4.4174), tensor(4.4174)]
INFO:IP-SML,GeneticAlgorithm,1:GPOL,1,125,0.1719193458557129,11,tensor(0.0687),tensor(0.0715, dtype=torch.float64),3.3465332388048404e+18,4.4445973595228733e+18,[add, tensor(4.4174), div, tensor(4.4174), add, tensor(4.4174), add, tensor(4.4174), div, tensor(4.4174), tensor(4.4174)]
INFO:IP-SML,GeneticAlgorithm,1:GPOL,1,126,0.15990161895751953,11,tensor(0.0687),tensor(0.0715, dtype=torch.float64),3.18328764791731e+18,4.394630878232314e+18,[add, tensor(4.4174), div, tensor(4.4174), add, tensor(4.4174), add, tensor(4.4174), div, tensor(4.4174), tensor(4.4174)]
INFO:IP-SML,GeneticAlgorithm,1:GPOL,1,127,0.15192818641662598,11,tensor(0.0687),tensor(0.0715, dtype=torch.float64),3.1016648524735447e+18,4.3671356658344264e+18,[add, tensor(4.4174), div, tensor(4.4174), add, tensor(4.4174), add, tensor(4.4174), div, tensor(4.4174), tensor(4.4174)]
INFO:IP-SML,GeneticAlgorithm,1:GPOL,1,128,0.15430903434753418,11,tensor(0.0687),tensor(0.0715, dtype=torch.float64),3.1424762501954273e+18,4.3810956152164844e+18,[add, tensor(4.4174), div, tensor(4.4174), add, tensor(4.4174), add, tensor(4.4174), div, tensor(4.4174), tensor(4.4174)]
INFO:IP-SML,GeneticAlgorithm,1:GPOL,1,129,0.16636300086975098,11,tensor(0.0687),tensor(0.0715, dtype=torch.float64),3.1016648524735447e+18,4.3671356658344264e+18,[add, tensor(4.4174), div, tensor(4.4174), add, tensor(4.4174), add, tensor(4.4174), div, tensor(4.4174), tensor(4.4174)]
INFO:IP-SML,GeneticAlgorithm,1:GPOL,1,130,0.15681815147399902,11,tensor(0.0687),tensor(0.0715, dtype=torch.float64),3.509778829692371e+18,4.4880478600293253e+18,[add, tensor(4.4174), div, tensor(4.4174), add, tensor(4.4174), add, tensor(4.4174), div, tensor(4.4174), tensor(4.4174)]
INFO:IP-SML,GeneticAlgorithm,1:GPOL,1,131,0.15279459953308105,11,tensor(0.0687),tensor(0.0715, dtype=torch.float64),3.0200420570297795e+18,4.3379235660297667e+18,[add, tensor(4.4174), div, tensor(4.4174), add, tensor(4.4174), add, tensor(4.4174), div, tensor(4.4174), tensor(4.4174)]
INFO:IP-SML,GeneticAlgorithm,1:GPOL,1,132,0.15204358100891113,11,tensor(0.0687),tensor(0.0715, dtype=torch.float64),3.0200420570297795e+18,4.3379235660297667e+18,[add, tensor(4.4174), div, tensor(4.4174), add, tensor(4.4174), add, tensor(4.4174), div, tensor(4.4174), tensor(4.4174)]
INFO:IP-SML,GeneticAlgorithm,1:GPOL,1,133,0.18233704566955566,11,tensor(0.0687),tensor(0.0715, dtype=torch.float64),3.060853454751662e+18,4.352746357161722e+18,[add, tensor(4.4174), div, tensor(4.4174), add, tensor(4.4174), add, tensor(4.4174), div, tensor(4.4174), tensor(4.4174)]
INFO:IP-SML,GeneticAlgorithm,1:GPOL,1,134,0.1598045825958252,11,tensor(0.0687),tensor(0.0715, dtype=torch.float64),3.3465332388048404e+18,4.4445973595228733e+18,[add, tensor(4.4174), div, tensor(4.4174), add, tensor(4.4174), add, tensor(4.4174), div, tensor(4.4174), tensor(4.4174)]
INFO:IP-SML,GeneticAlgorithm,1:GPOL,1,135,0.17731022834777832,11,tensor(0.0687),tensor(0.0715, dtype=torch.float64),3.3465332388048404e+18,4.4445973595228733e+18,[add, tensor(4.4174), div, tensor(4.4174), add, tensor(4.4174), add, tensor(4.4174), div, tensor(4.4174), tensor(4.4174)]
INFO:IP-SML,GeneticAlgorithm,1:GPOL,1,136,0.1600492000579834,11,tensor(0.0687),tensor(0.0715, dtype=torch.float64),3.060853454751662e+18,4.352746357161722e+18,[add, tensor(4.4174), div, tensor(4.4174), add, tensor(4.4174), add, tensor(4.4174), div, tensor(4.4174), tensor(4.4174)]
INFO:IP-SML,GeneticAlgorithm,1:GPOL,1,137,0.15418171882629395,11,tensor(0.0687),tensor(0.0715, dtype=torch.float64),3.305721841082958e+18,4.432724558088241e+18,[add, tensor(4.4174), div, tensor(4.4174), add, tensor(4.4174), add, tensor(4.4174), div, tensor(4.4174), tensor(4.4174)]
INFO:IP-SML,GeneticAlgorithm,1:GPOL,1,138,0.15694689750671387,11,tensor(0.0687),tensor(0.0715, dtype=torch.float64),2.8159853432982733e+18,4.257146844783575e+18,[add, tensor(4.4174), div, tensor(4.4174), add, tensor(4.4174), add, tensor(4.4174), div, tensor(4.4174), tensor(4.4174)]
INFO:IP-SML,GeneticAlgorithm,1:GPOL,1,139,0.16090607643127441,11,tensor(0.0687),tensor(0.0715, dtype=torch.float64),3.509778829692371e+18,4.4880478600293253e+18,[add, tensor(4.4174), div, tensor(4.4174), add, tensor(4.4174), add, tensor(4.4174), div, tensor(4.4174), tensor(4.4174)]
INFO:IP-SML,GeneticAlgorithm,1:GPOL,1,140,0.16344165802001953,11,tensor(0.0687),tensor(0.0715, dtype=torch.float64),3.509778829692371e+18,4.4880478600293253e+18,[add, tensor(4.4174), div, tensor(4.4174), add, tensor(4.4174), add, tensor(4.4174), div, tensor(4.4174), tensor(4.4174)]
INFO:IP-SML,GeneticAlgorithm,1:GPOL,1,141,0.15388822555541992,11,tensor(0.0687),tensor(0.0715, dtype=torch.float64),3.2240990456391926e+18,4.407745028294705e+18,[add, tensor(4.4174), div, tensor(4.4174), add, tensor(4.4174), add, tensor(4.4174), div, tensor(4.4174), tensor(4.4174)]
INFO:IP-SML,GeneticAlgorithm,1:GPOL,1,142,0.1582317352294922,11,tensor(0.0687),tensor(0.0715, dtype=torch.float64),3.4281560342486057e+18,4.467124703508562e+18,[add, tensor(4.4174), div, tensor(4.4174), add, tensor(4.4174), add, tensor(4.4174), div, tensor(4.4174), tensor(4.4174)]
INFO:IP-SML,GeneticAlgorithm,1:GPOL,1,143,0.15095829963684082,11,tensor(0.0687),tensor(0.0715, dtype=torch.float64),2.979230659307897e+18,4.3226631692699566e+18,[add, tensor(4.4174), div, tensor(4.4174), add, tensor(4.4174), add, tensor(4.4174), div, tensor(4.4174), tensor(4.4174)]
INFO:IP-SML,GeneticAlgorithm,1:GPOL,1,144,0.15938258171081543,11,tensor(0.0687),tensor(0.0715, dtype=torch.float64),2.3670599683575644e+18,4.0375031793388093e+18,[add, tensor(4.4174), div, tensor(4.4174), add, tensor(4.4174), add, tensor(4.4174), div, tensor(4.4174), tensor(4.4174)]
INFO:IP-SML,GeneticAlgorithm,1:GPOL,1,145,0.17504024505615234,11,tensor(0.0687),tensor(0.0715, dtype=torch.float64),3.18328764791731e+18,4.394630878232314e+18,[add, tensor(4.4174), div, tensor(4.4174), add, tensor(4.4174), add, tensor(4.4174), div, tensor(4.4174), tensor(4.4174)]
INFO:IP-SML,GeneticAlgorithm,1:GPOL,1,146,0.20184564590454102,11,tensor(0.0687),tensor(0.0715, dtype=torch.float64),3.0200420570297795e+18,4.3379235660297667e+18,[add, tensor(4.4174), div, tensor(4.4174), add, div, tensor(4.4174), tensor(4.4174), add, tensor(4.4174), tensor(4.4174)]
INFO:IP-SML,GeneticAlgorithm,1:GPOL,1,147,0.18789076805114746,11,tensor(0.0687),tensor(0.0715, dtype=torch.float64),2.652739752410743e+18,4.1842137646120305e+18,[add, tensor(4.4174), div, tensor(4.4174), add, tensor(4.4174), add, tensor(4.4174), div, tensor(4.4174), tensor(4.4174)]
INFO:IP-SML,GeneticAlgorithm,1:GPOL,1,148,0.17496228218078613,11,tensor(0.0687),tensor(0.0715, dtype=torch.float64),3.2240990456391926e+18,4.407745028294705e+18,[add, tensor(4.4174), div, tensor(4.4174), add, div, tensor(4.4174), tensor(4.4174), add, tensor(4.4174), tensor(4.4174)]
INFO:IP-SML,GeneticAlgorithm,1:GPOL,1,149,0.18331217765808105,11,tensor(0.0687),tensor(0.0715, dtype=torch.float64),2.856796741020156e+18,4.2742071420780544e+18,[add, tensor(4.4174), div, tensor(4.4174), add, tensor(4.4174), add, tensor(4.4174), div, tensor(4.4174), tensor(4.4174)]
INFO:IP-SML,GeneticAlgorithm,1:GPOL,1,150,0.1885085105895996,11,tensor(0.0687),tensor(0.0715, dtype=torch.float64),2.8159853432982733e+18,4.257146844783575e+18,[add, tensor(4.4174), div, tensor(4.4174), add, tensor(4.4174), add, tensor(4.4174), div, tensor(4.4174), tensor(4.4174)]
INFO:IP-SML,GeneticAlgorithm,1:GPOL,1,151,0.16686296463012695,11,tensor(0.0687),tensor(0.0715, dtype=torch.float64),2.652739752410743e+18,4.1842137646120305e+18,[add, tensor(4.4174), div, tensor(4.4174), add, tensor(4.4174), add, tensor(4.4174), div, tensor(4.4174), tensor(4.4174)]
INFO:IP-SML,GeneticAlgorithm,1:GPOL,1,152,0.19242048263549805,11,tensor(0.0673),tensor(0.0622, dtype=torch.float64),2.652739752410743e+18,4.1842137646120305e+18,[add, tensor(4.4174), div, tensor(4.4174), add, tensor(4.4174), add, tensor(4.4174), mul, tensor(0.2484), 4]
INFO:IP-SML,GeneticAlgorithm,1:GPOL,1,153,0.18868684768676758,15,tensor(0.0654),tensor(0.0678, dtype=torch.float64),3.1016648524735447e+18,4.3671356658344264e+18,[add, tensor(4.4174), div, tensor(4.4174), add, add, tensor(4.4174), mul, tensor(0.2484), 4, add, tensor(4.4174), div, tensor(4.4174), tensor(4.4174)]
INFO:IP-SML,GeneticAlgorithm,1:GPOL,1,154,0.2042694091796875,15,tensor(0.0654),tensor(0.0678, dtype=torch.float64),3.264910443361075e+18,4.4204416388164485e+18,[add, tensor(4.4174), div, tensor(4.4174), add, add, tensor(4.4174), mul, tensor(0.2484), 4, add, tensor(4.4174), div, tensor(4.4174), tensor(4.4174)]
INFO:IP-SML,GeneticAlgorithm,1:GPOL,1,155,0.22941899299621582,15,tensor(0.0654),tensor(0.0678, dtype=torch.float64),3.060853454751662e+18,4.352746357161722e+18,[add, tensor(4.4174), div, tensor(4.4174), add, add, tensor(4.4174), mul, tensor(0.2484), 4, add, tensor(4.4174), div, tensor(4.4174), tensor(4.4174)]
INFO:IP-SML,GeneticAlgorithm,1:GPOL,1,156,0.18858766555786133,13,tensor(0.0629),tensor(0.0595, dtype=torch.float64),2.7751739455763907e+18,4.239623103337988e+18,[add, tensor(4.4174), div, tensor(4.4174), add, tensor(4.4174), add, add, tensor(4.4174), tensor(0.2484), mul, tensor(0.2484), 4]
INFO:IP-SML,GeneticAlgorithm,1:GPOL,1,157,0.19669699668884277,13,tensor(0.0629),tensor(0.0595, dtype=torch.float64),2.979230659307897e+18,4.3226631692699566e+18,[add, tensor(4.4174), div, tensor(4.4174), add, tensor(4.4174), add, add, tensor(4.4174), tensor(0.2484), mul, tensor(0.2484), 4]
INFO:IP-SML,GeneticAlgorithm,1:GPOL,1,158,0.19023656845092773,15,tensor(0.0613),tensor(0.0599, dtype=torch.float64),2.8159853432982733e+18,4.257146844783575e+18,[add, tensor(4.4174), div, tensor(4.4174), add, add, tensor(4.4174), tensor(0.2484), add, add, tensor(4.4174), tensor(0.2484), mul, tensor(0.2484), 4]
INFO:IP-SML,GeneticAlgorithm,1:GPOL,1,159,0.19782447814941406,15,tensor(0.0613),tensor(0.0599, dtype=torch.float64),3.18328764791731e+18,4.394630878232314e+18,[add, tensor(4.4174), div, tensor(4.4174), add, add, tensor(4.4174), tensor(0.2484), add, add, tensor(4.4174), tensor(0.2484), mul, tensor(0.2484), 4]
INFO:IP-SML,GeneticAlgorithm,1:GPOL,1,160,0.21629762649536133,15,tensor(0.0613),tensor(0.0599, dtype=torch.float64),3.387344636526723e+18,4.4560627918994145e+18,[add, tensor(4.4174), div, tensor(4.4174), add, add, add, tensor(4.4174), tensor(0.2484), mul, tensor(0.2484), 4, add, tensor(4.4174), tensor(0.2484)]
INFO:IP-SML,GeneticAlgorithm,1:GPOL,1,161,0.21210813522338867,19,tensor(0.0602),tensor(0.0609, dtype=torch.float64),2.856796741020156e+18,4.2742071420780544e+18,[add, tensor(4.4174), div, tensor(4.4174), add, add, add, tensor(4.4174), tensor(0.2484), mul, tensor(0.2484), 4, add, add, tensor(4.4174), tensor(0.2484), mul, tensor(0.2484), 4]
INFO:IP-SML,GeneticAlgorithm,1:GPOL,1,162,0.1862201690673828,19,tensor(0.0602),tensor(0.0609, dtype=torch.float64),3.2240990456391926e+18,4.407745028294705e+18,[add, tensor(4.4174), div, tensor(4.4174), add, add, add, tensor(4.4174), tensor(0.2484), mul, tensor(0.2484), 4, add, add, tensor(4.4174), tensor(0.2484), mul, tensor(0.2484), 4]
INFO:IP-SML,GeneticAlgorithm,1:GPOL,1,163,0.19738316535949707,19,tensor(0.0602),tensor(0.0609, dtype=torch.float64),3.387344636526723e+18,4.4560627918994145e+18,[add, tensor(4.4174), div, tensor(4.4174), add, add, add, tensor(4.4174), tensor(0.2484), mul, tensor(0.2484), 4, add, add, tensor(4.4174), tensor(0.2484), mul, tensor(0.2484), 4]
INFO:IP-SML,GeneticAlgorithm,1:GPOL,1,164,0.2096552848815918,19,tensor(0.0593),tensor(0.0591, dtype=torch.float64),2.8159853432982733e+18,4.257146844783575e+18,[add, tensor(4.4174), div, tensor(4.4174), add, add, add, tensor(4.4174), tensor(0.2484), mul, tensor(0.2484), 4, add, add, tensor(4.4174), tensor(0.2484), div, 5, tensor(-3.9856)]
INFO:IP-SML,GeneticAlgorithm,1:GPOL,1,165,0.2111804485321045,19,tensor(0.0593),tensor(0.0591, dtype=torch.float64),3.264910443361075e+18,4.4204416388164485e+18,[add, tensor(4.4174), div, tensor(4.4174), add, add, add, tensor(4.4174), tensor(0.2484), mul, tensor(0.2484), 4, add, add, tensor(4.4174), tensor(0.2484), div, 5, tensor(-3.9856)]
INFO:IP-SML,GeneticAlgorithm,1:GPOL,1,166,0.1981370449066162,19,tensor(0.0593),tensor(0.0591, dtype=torch.float64),3.1016648524735447e+18,4.3671356658344264e+18,[add, tensor(4.4174), div, tensor(4.4174), add, add, add, tensor(4.4174), tensor(0.2484), div, 5, tensor(-3.9856), add, add, tensor(4.4174), tensor(0.2484), mul, tensor(0.2484), 4]
INFO:IP-SML,GeneticAlgorithm,1:GPOL,1,167,0.20085954666137695,19,tensor(0.0593),tensor(0.0591, dtype=torch.float64),3.264910443361075e+18,4.4204416388164485e+18,[add, tensor(4.4174), div, tensor(4.4174), add, add, add, tensor(4.4174), tensor(0.2484), mul, tensor(0.2484), 4, add, add, tensor(4.4174), tensor(0.2484), div, 5, tensor(-3.9856)]
INFO:IP-SML,GeneticAlgorithm,1:GPOL,1,168,0.21242308616638184,19,tensor(0.0593),tensor(0.0591, dtype=torch.float64),3.4689674319704883e+18,4.477785293373571e+18,[add, tensor(4.4174), div, tensor(4.4174), add, add, add, tensor(4.4174), tensor(0.2484), mul, tensor(0.2484), 4, add, add, tensor(4.4174), tensor(0.2484), div, 5, tensor(-3.9856)]
INFO:IP-SML,GeneticAlgorithm,1:GPOL,1,169,0.21378231048583984,19,tensor(0.0593),tensor(0.0591, dtype=torch.float64),2.856796741020156e+18,4.2742071420780544e+18,[add, tensor(4.4174), div, tensor(4.4174), add, add, add, tensor(4.4174), tensor(0.2484), div, 5, tensor(-3.9856), add, add, tensor(4.4174), tensor(0.2484), mul, tensor(0.2484), 4]
INFO:IP-SML,GeneticAlgorithm,1:GPOL,1,170,0.18906140327453613,19,tensor(0.0593),tensor(0.0591, dtype=torch.float64),3.3465332388048404e+18,4.4445973595228733e+18,[add, tensor(4.4174), div, tensor(4.4174), add, add, add, tensor(4.4174), tensor(0.2484), mul, tensor(0.2484), 4, add, add, tensor(4.4174), tensor(0.2484), div, 5, tensor(-3.9856)]
INFO:IP-SML,GeneticAlgorithm,1:GPOL,1,171,0.20783352851867676,19,tensor(0.0593),tensor(0.0591, dtype=torch.float64),3.305721841082958e+18,4.432724558088241e+18,[add, tensor(4.4174), div, tensor(4.4174), add, add, add, tensor(4.4174), tensor(0.2484), mul, tensor(0.2484), 4, add, add, tensor(4.4174), tensor(0.2484), div, 5, tensor(-3.9856)]
INFO:IP-SML,GeneticAlgorithm,1:GPOL,1,172,0.21264147758483887,19,tensor(0.0593),tensor(0.0591, dtype=torch.float64),3.305721841082958e+18,4.432724558088241e+18,[add, tensor(4.4174), div, tensor(4.4174), add, add, add, tensor(4.4174), tensor(0.2484), div, 5, tensor(-3.9856), add, add, tensor(4.4174), tensor(0.2484), mul, tensor(0.2484), 4]
INFO:IP-SML,GeneticAlgorithm,1:GPOL,1,173,0.22009730339050293,19,tensor(0.0593),tensor(0.0591, dtype=torch.float64),3.1016648524735447e+18,4.3671356658344264e+18,[add, tensor(4.4174), div, tensor(4.4174), add, add, add, tensor(4.4174), tensor(0.2484), mul, tensor(0.2484), 4, add, add, tensor(4.4174), tensor(0.2484), div, 5, tensor(-3.9856)]
INFO:IP-SML,GeneticAlgorithm,1:GPOL,1,174,0.19472908973693848,19,tensor(0.0593),tensor(0.0591, dtype=torch.float64),3.305721841082958e+18,4.432724558088241e+18,[add, tensor(4.4174), div, tensor(4.4174), add, add, add, tensor(4.4174), tensor(0.2484), div, 5, tensor(-3.9856), add, add, tensor(4.4174), tensor(0.2484), mul, tensor(0.2484), 4]
INFO:IP-SML,GeneticAlgorithm,1:GPOL,1,175,0.20408105850219727,19,tensor(0.0593),tensor(0.0591, dtype=torch.float64),3.264910443361075e+18,4.4204416388164485e+18,[add, tensor(4.4174), div, tensor(4.4174), add, add, add, tensor(4.4174), tensor(0.2484), mul, tensor(0.2484), 4, add, add, tensor(4.4174), tensor(0.2484), div, 5, tensor(-3.9856)]
INFO:IP-SML,GeneticAlgorithm,1:GPOL,1,176,0.19865775108337402,19,tensor(0.0593),tensor(0.0591, dtype=torch.float64),2.979230659307897e+18,4.3226631692699566e+18,[add, tensor(4.4174), div, tensor(4.4174), add, add, add, tensor(4.4174), tensor(0.2484), mul, tensor(0.2484), 4, add, add, tensor(4.4174), tensor(0.2484), div, 5, tensor(-3.9856)]
INFO:IP-SML,GeneticAlgorithm,1:GPOL,1,177,0.19083237648010254,19,tensor(0.0593),tensor(0.0591, dtype=torch.float64),2.8159853432982733e+18,4.257146844783575e+18,[add, tensor(4.4174), div, tensor(4.4174), add, add, add, tensor(4.4174), tensor(0.2484), div, 5, tensor(-3.9856), add, add, tensor(4.4174), tensor(0.2484), mul, tensor(0.2484), 4]
INFO:IP-SML,GeneticAlgorithm,1:GPOL,1,178,0.2124624252319336,19,tensor(0.0593),tensor(0.0591, dtype=torch.float64),3.0200420570297795e+18,4.3379235660297667e+18,[add, tensor(4.4174), div, tensor(4.4174), add, add, add, tensor(4.4174), tensor(0.2484), div, 5, tensor(-3.9856), add, add, tensor(4.4174), tensor(0.2484), mul, tensor(0.2484), 4]
INFO:IP-SML,GeneticAlgorithm,1:GPOL,1,179,0.2059776782989502,19,tensor(0.0593),tensor(0.0591, dtype=torch.float64),3.0200420570297795e+18,4.3379235660297667e+18,[add, tensor(4.4174), div, tensor(4.4174), add, add, add, tensor(4.4174), tensor(0.2484), mul, tensor(0.2484), 4, add, add, tensor(4.4174), tensor(0.2484), div, 5, tensor(-3.9856)]
INFO:IP-SML,GeneticAlgorithm,1:GPOL,1,180,0.19637060165405273,19,tensor(0.0593),tensor(0.0591, dtype=torch.float64),3.387344636526723e+18,4.4560627918994145e+18,[add, tensor(4.4174), div, tensor(4.4174), add, add, add, tensor(4.4174), tensor(0.2484), mul, tensor(0.2484), 4, add, add, tensor(4.4174), tensor(0.2484), div, 5, tensor(-3.9856)]
INFO:IP-SML,GeneticAlgorithm,1:GPOL,1,181,0.2154083251953125,19,tensor(0.0593),tensor(0.0591, dtype=torch.float64),2.6935511501326254e+18,4.203162748005122e+18,[add, tensor(4.4174), div, tensor(4.4174), add, add, add, tensor(4.4174), tensor(0.2484), mul, tensor(0.2484), 4, add, add, tensor(4.4174), tensor(0.2484), div, 5, tensor(-3.9856)]
INFO:IP-SML,GeneticAlgorithm,1:GPOL,1,182,0.21509170532226562,19,tensor(0.0593),tensor(0.0591, dtype=torch.float64),3.0200420570297795e+18,4.3379235660297667e+18,[add, tensor(4.4174), div, tensor(4.4174), add, add, add, tensor(4.4174), tensor(0.2484), mul, tensor(0.2484), 4, add, add, tensor(4.4174), tensor(0.2484), div, 5, tensor(-3.9856)]
INFO:IP-SML,GeneticAlgorithm,1:GPOL,1,183,0.20761704444885254,19,tensor(0.0593),tensor(0.0591, dtype=torch.float64),3.060853454751662e+18,4.352746357161722e+18,[add, tensor(4.4174), div, tensor(4.4174), add, add, add, tensor(4.4174), tensor(0.2484), mul, tensor(0.2484), 4, add, add, tensor(4.4174), tensor(0.2484), div, 5, tensor(-3.9856)]
INFO:IP-SML,GeneticAlgorithm,1:GPOL,1,184,0.19523906707763672,19,tensor(0.0593),tensor(0.0591, dtype=torch.float64),3.1016648524735447e+18,4.3671356658344264e+18,[add, tensor(4.4174), div, tensor(4.4174), add, add, add, tensor(4.4174), tensor(0.2484), div, 5, tensor(-3.9856), add, add, tensor(4.4174), tensor(0.2484), mul, tensor(0.2484), 4]
INFO:IP-SML,GeneticAlgorithm,1:GPOL,1,185,0.19942378997802734,19,tensor(0.0593),tensor(0.0591, dtype=torch.float64),3.387344636526723e+18,4.4560627918994145e+18,[add, tensor(4.4174), div, tensor(4.4174), add, add, add, tensor(4.4174), tensor(0.2484), div, 5, tensor(-3.9856), add, add, tensor(4.4174), tensor(0.2484), mul, tensor(0.2484), 4]
INFO:IP-SML,GeneticAlgorithm,1:GPOL,1,186,0.20429754257202148,19,tensor(0.0593),tensor(0.0591, dtype=torch.float64),2.979230659307897e+18,4.3226631692699566e+18,[add, tensor(4.4174), div, tensor(4.4174), add, add, add, tensor(4.4174), tensor(0.2484), mul, tensor(0.2484), 4, add, add, tensor(4.4174), tensor(0.2484), div, 5, tensor(-3.9856)]
INFO:IP-SML,GeneticAlgorithm,1:GPOL,1,187,0.20258283615112305,19,tensor(0.0593),tensor(0.0591, dtype=torch.float64),3.2240990456391926e+18,4.407745028294705e+18,[add, tensor(4.4174), div, tensor(4.4174), add, add, add, tensor(4.4174), tensor(0.2484), div, 5, tensor(-3.9856), add, add, tensor(4.4174), tensor(0.2484), mul, tensor(0.2484), 4]
INFO:IP-SML,GeneticAlgorithm,1:GPOL,1,188,0.21065807342529297,19,tensor(0.0593),tensor(0.0591, dtype=torch.float64),3.060853454751662e+18,4.352746357161722e+18,[add, tensor(4.4174), div, tensor(4.4174), add, add, add, tensor(4.4174), tensor(0.2484), div, 5, tensor(-3.9856), add, add, tensor(4.4174), tensor(0.2484), mul, tensor(0.2484), 4]
INFO:IP-SML,GeneticAlgorithm,1:GPOL,1,189,0.20055747032165527,19,tensor(0.0593),tensor(0.0591, dtype=torch.float64),3.18328764791731e+18,4.394630878232314e+18,[add, tensor(4.4174), div, tensor(4.4174), add, add, add, tensor(4.4174), tensor(0.2484), div, 5, tensor(-3.9856), add, add, tensor(4.4174), tensor(0.2484), mul, tensor(0.2484), 4]
INFO:IP-SML,GeneticAlgorithm,1:GPOL,1,190,0.21488523483276367,19,tensor(0.0593),tensor(0.0591, dtype=torch.float64),3.060853454751662e+18,4.352746357161722e+18,[add, tensor(4.4174), div, tensor(4.4174), add, add, add, tensor(4.4174), tensor(0.2484), mul, tensor(0.2484), 4, add, add, tensor(4.4174), tensor(0.2484), div, 5, tensor(-3.9856)]
INFO:IP-SML,GeneticAlgorithm,1:GPOL,1,191,0.19695758819580078,19,tensor(0.0593),tensor(0.0591, dtype=torch.float64),3.1424762501954273e+18,4.3810956152164844e+18,[add, tensor(4.4174), div, tensor(4.4174), add, add, add, tensor(4.4174), tensor(0.2484), div, 5, tensor(-3.9856), add, add, tensor(4.4174), tensor(0.2484), mul, tensor(0.2484), 4]
INFO:IP-SML,GeneticAlgorithm,1:GPOL,1,192,0.18140149116516113,19,tensor(0.0593),tensor(0.0591, dtype=torch.float64),3.1016648524735447e+18,4.3671356658344264e+18,[add, tensor(4.4174), div, tensor(4.4174), add, add, add, tensor(4.4174), tensor(0.2484), div, 5, tensor(-3.9856), add, add, tensor(4.4174), tensor(0.2484), mul, tensor(0.2484), 4]
INFO:IP-SML,GeneticAlgorithm,1:GPOL,1,193,0.20847344398498535,19,tensor(0.0593),tensor(0.0591, dtype=torch.float64),3.18328764791731e+18,4.394630878232314e+18,[add, tensor(4.4174), div, tensor(4.4174), add, add, add, tensor(4.4174), tensor(0.2484), div, 5, tensor(-3.9856), add, add, tensor(4.4174), tensor(0.2484), mul, tensor(0.2484), 4]
INFO:IP-SML,GeneticAlgorithm,1:GPOL,1,194,0.23506522178649902,19,tensor(0.0593),tensor(0.0591, dtype=torch.float64),3.4281560342486057e+18,4.467124703508562e+18,[add, tensor(4.4174), div, tensor(4.4174), add, add, add, tensor(4.4174), tensor(0.2484), mul, tensor(0.2484), 4, add, add, tensor(4.4174), tensor(0.2484), div, 5, tensor(-3.9856)]
INFO:IP-SML,GeneticAlgorithm,1:GPOL,1,195,0.19135618209838867,19,tensor(0.0593),tensor(0.0591, dtype=torch.float64),3.264910443361075e+18,4.4204416388164485e+18,[add, tensor(4.4174), div, tensor(4.4174), add, add, add, tensor(4.4174), tensor(0.2484), mul, tensor(0.2484), 4, add, add, tensor(4.4174), tensor(0.2484), div, 5, tensor(-3.9856)]
INFO:IP-SML,GeneticAlgorithm,1:GPOL,1,196,0.2034931182861328,19,tensor(0.0593),tensor(0.0591, dtype=torch.float64),2.979230659307897e+18,4.3226631692699566e+18,[add, tensor(4.4174), div, tensor(4.4174), add, add, add, tensor(4.4174), tensor(0.2484), mul, tensor(0.2484), 4, add, add, tensor(4.4174), tensor(0.2484), div, 5, tensor(-3.9856)]
INFO:IP-SML,GeneticAlgorithm,1:GPOL,1,197,0.2194538116455078,19,tensor(0.0593),tensor(0.0591, dtype=torch.float64),2.6935511501326254e+18,4.203162748005122e+18,[add, tensor(4.4174), div, tensor(4.4174), add, add, add, tensor(4.4174), tensor(0.2484), mul, tensor(0.2484), 4, add, add, tensor(4.4174), tensor(0.2484), div, 5, tensor(-3.9856)]
INFO:IP-SML,GeneticAlgorithm,1:GPOL,1,198,0.20885276794433594,19,tensor(0.0593),tensor(0.0591, dtype=torch.float64),3.591401625136136e+18,4.507389918829347e+18,[add, tensor(4.4174), div, tensor(4.4174), add, add, add, tensor(4.4174), tensor(0.2484), mul, tensor(0.2484), 4, add, add, tensor(4.4174), tensor(0.2484), div, 5, tensor(-3.9856)]
INFO:IP-SML,GeneticAlgorithm,1:GPOL,1,199,0.20872950553894043,19,tensor(0.0593),tensor(0.0591, dtype=torch.float64),2.979230659307897e+18,4.3226631692699566e+18,[add, tensor(4.4174), div, tensor(4.4174), add, add, add, tensor(4.4174), tensor(0.2484), mul, tensor(0.2484), 4, add, add, tensor(4.4174), tensor(0.2484), div, 5, tensor(-3.9856)]
INFO:IP-SML,GeneticAlgorithm,1:GPOL,1,200,0.19652032852172852,19,tensor(0.0593),tensor(0.0591, dtype=torch.float64),3.0200420570297795e+18,4.3379235660297667e+18,[add, tensor(4.4174), div, tensor(4.4174), add, add, add, tensor(4.4174), tensor(0.2484), div, 5, tensor(-3.9856), add, add, tensor(4.4174), tensor(0.2484), mul, tensor(0.2484), 4]
INFO:IP-SML,GeneticAlgorithm,1:GPOL,1,201,0.18459534645080566,19,tensor(0.0593),tensor(0.0591, dtype=torch.float64),3.305721841082958e+18,4.432724558088241e+18,[add, tensor(4.4174), div, tensor(4.4174), add, add, add, tensor(4.4174), tensor(0.2484), div, 5, tensor(-3.9856), add, add, tensor(4.4174), tensor(0.2484), mul, tensor(0.2484), 4]
INFO:IP-SML,GeneticAlgorithm,1:GPOL,1,202,0.19207406044006348,19,tensor(0.0593),tensor(0.0591, dtype=torch.float64),3.305721841082958e+18,4.432724558088241e+18,[add, tensor(4.4174), div, tensor(4.4174), add, add, add, tensor(4.4174), tensor(0.2484), div, 5, tensor(-3.9856), add, add, tensor(4.4174), tensor(0.2484), mul, tensor(0.2484), 4]
INFO:IP-SML,GeneticAlgorithm,1:GPOL,1,203,0.1876084804534912,19,tensor(0.0593),tensor(0.0591, dtype=torch.float64),3.0200420570297795e+18,4.3379235660297667e+18,[add, tensor(4.4174), div, tensor(4.4174), add, add, add, tensor(4.4174), tensor(0.2484), div, 5, tensor(-3.9856), add, add, tensor(4.4174), tensor(0.2484), mul, tensor(0.2484), 4]
INFO:IP-SML,GeneticAlgorithm,1:GPOL,1,204,0.18373847007751465,19,tensor(0.0593),tensor(0.0591, dtype=torch.float64),3.305721841082958e+18,4.432724558088241e+18,[add, tensor(4.4174), div, tensor(4.4174), add, add, add, tensor(4.4174), tensor(0.2484), div, 5, tensor(-3.9856), add, add, tensor(4.4174), tensor(0.2484), mul, tensor(0.2484), 4]
INFO:IP-SML,GeneticAlgorithm,1:GPOL,1,205,0.18508410453796387,19,tensor(0.0593),tensor(0.0591, dtype=torch.float64),3.060853454751662e+18,4.352746357161722e+18,[add, tensor(4.4174), div, tensor(4.4174), add, add, add, tensor(4.4174), tensor(0.2484), mul, tensor(0.2484), 4, add, add, tensor(4.4174), tensor(0.2484), div, 5, tensor(-3.9856)]
INFO:IP-SML,GeneticAlgorithm,1:GPOL,1,206,0.19082093238830566,19,tensor(0.0593),tensor(0.0591, dtype=torch.float64),3.264910443361075e+18,4.4204416388164485e+18,[add, tensor(4.4174), div, tensor(4.4174), add, add, add, tensor(4.4174), tensor(0.2484), mul, tensor(0.2484), 4, add, add, tensor(4.4174), tensor(0.2484), div, 5, tensor(-3.9856)]
INFO:IP-SML,GeneticAlgorithm,1:GPOL,1,207,0.20333313941955566,19,tensor(0.0593),tensor(0.0591, dtype=torch.float64),2.979230659307897e+18,4.3226631692699566e+18,[add, tensor(4.4174), div, tensor(4.4174), add, add, add, tensor(4.4174), tensor(0.2484), mul, tensor(0.2484), 4, add, add, tensor(4.4174), tensor(0.2484), div, 5, tensor(-3.9856)]
INFO:IP-SML,GeneticAlgorithm,1:GPOL,1,208,0.19903850555419922,19,tensor(0.0593),tensor(0.0591, dtype=torch.float64),3.305721841082958e+18,4.432724558088241e+18,[add, tensor(4.4174), div, tensor(4.4174), add, add, add, tensor(4.4174), tensor(0.2484), mul, tensor(0.2484), 4, add, add, tensor(4.4174), tensor(0.2484), div, 5, tensor(-3.9856)]
INFO:IP-SML,GeneticAlgorithm,1:GPOL,1,209,0.18426299095153809,19,tensor(0.0593),tensor(0.0591, dtype=torch.float64),2.8976081387420385e+18,4.290809767657472e+18,[add, tensor(4.4174), div, tensor(4.4174), add, add, add, tensor(4.4174), tensor(0.2484), mul, tensor(0.2484), 4, add, add, tensor(4.4174), tensor(0.2484), div, 5, tensor(-3.9856)]
INFO:IP-SML,GeneticAlgorithm,1:GPOL,1,210,0.19485759735107422,19,tensor(0.0593),tensor(0.0591, dtype=torch.float64),2.938419536463921e+18,4.3069602190799667e+18,[add, tensor(4.4174), div, tensor(4.4174), add, add, add, tensor(4.4174), tensor(0.2484), div, 5, tensor(-3.9856), add, add, tensor(4.4174), tensor(0.2484), mul, tensor(0.2484), 4]
INFO:IP-SML,GeneticAlgorithm,1:GPOL,1,211,0.1955726146697998,19,tensor(0.0593),tensor(0.0591, dtype=torch.float64),3.1424762501954273e+18,4.3810956152164844e+18,[add, tensor(4.4174), div, tensor(4.4174), add, add, add, tensor(4.4174), tensor(0.2484), mul, tensor(0.2484), 4, add, add, tensor(4.4174), tensor(0.2484), div, 5, tensor(-3.9856)]
INFO:IP-SML,GeneticAlgorithm,1:GPOL,1,212,0.2038712501525879,19,tensor(0.0593),tensor(0.0591, dtype=torch.float64),3.18328764791731e+18,4.394630878232314e+18,[add, tensor(4.4174), div, tensor(4.4174), add, add, add, tensor(4.4174), tensor(0.2484), div, 5, tensor(-3.9856), add, add, tensor(4.4174), tensor(0.2484), mul, tensor(0.2484), 4]
INFO:IP-SML,GeneticAlgorithm,1:GPOL,1,213,0.19824528694152832,19,tensor(0.0593),tensor(0.0591, dtype=torch.float64),3.1424762501954273e+18,4.3810956152164844e+18,[add, tensor(4.4174), div, tensor(4.4174), add, add, add, tensor(4.4174), tensor(0.2484), div, 5, tensor(-3.9856), add, add, tensor(4.4174), tensor(0.2484), mul, tensor(0.2484), 4]
INFO:IP-SML,GeneticAlgorithm,1:GPOL,1,214,0.1835474967956543,19,tensor(0.0593),tensor(0.0591, dtype=torch.float64),3.1424762501954273e+18,4.3810956152164844e+18,[add, tensor(4.4174), div, tensor(4.4174), add, add, add, tensor(4.4174), tensor(0.2484), mul, tensor(0.2484), 4, add, add, tensor(4.4174), tensor(0.2484), div, 5, tensor(-3.9856)]
INFO:IP-SML,GeneticAlgorithm,1:GPOL,1,215,0.19693279266357422,19,tensor(0.0593),tensor(0.0591, dtype=torch.float64),3.1016648524735447e+18,4.3671356658344264e+18,[add, tensor(4.4174), div, tensor(4.4174), add, add, add, tensor(4.4174), tensor(0.2484), mul, tensor(0.2484), 4, add, add, tensor(4.4174), tensor(0.2484), div, 5, tensor(-3.9856)]
INFO:IP-SML,GeneticAlgorithm,1:GPOL,1,216,0.19244694709777832,19,tensor(0.0593),tensor(0.0591, dtype=torch.float64),3.264910443361075e+18,4.4204416388164485e+18,[add, tensor(4.4174), div, tensor(4.4174), add, add, add, tensor(4.4174), tensor(0.2484), div, 5, tensor(-3.9856), add, add, tensor(4.4174), tensor(0.2484), mul, tensor(0.2484), 4]
INFO:IP-SML,GeneticAlgorithm,1:GPOL,1,217,0.19267964363098145,19,tensor(0.0593),tensor(0.0591, dtype=torch.float64),3.1424762501954273e+18,4.3810956152164844e+18,[add, tensor(4.4174), div, tensor(4.4174), add, add, add, tensor(4.4174), tensor(0.2484), div, 5, tensor(-3.9856), add, add, tensor(4.4174), tensor(0.2484), mul, tensor(0.2484), 4]
INFO:IP-SML,GeneticAlgorithm,1:GPOL,1,218,0.1789553165435791,19,tensor(0.0593),tensor(0.0591, dtype=torch.float64),3.2240990456391926e+18,4.407745028294705e+18,[add, tensor(4.4174), div, tensor(4.4174), add, add, add, tensor(4.4174), tensor(0.2484), div, 5, tensor(-3.9856), add, add, tensor(4.4174), tensor(0.2484), mul, tensor(0.2484), 4]
INFO:IP-SML,GeneticAlgorithm,1:GPOL,1,219,0.19716405868530273,19,tensor(0.0593),tensor(0.0591, dtype=torch.float64),3.1424762501954273e+18,4.3810956152164844e+18,[add, tensor(4.4174), div, tensor(4.4174), add, add, add, tensor(4.4174), tensor(0.2484), div, 5, tensor(-3.9856), add, add, tensor(4.4174), tensor(0.2484), mul, tensor(0.2484), 4]
INFO:IP-SML,GeneticAlgorithm,1:GPOL,1,220,0.19347405433654785,19,tensor(0.0593),tensor(0.0591, dtype=torch.float64),3.2240990456391926e+18,4.407745028294705e+18,[add, tensor(4.4174), div, tensor(4.4174), add, add, add, tensor(4.4174), tensor(0.2484), div, 5, tensor(-3.9856), add, add, tensor(4.4174), tensor(0.2484), mul, tensor(0.2484), 4]
INFO:IP-SML,GeneticAlgorithm,1:GPOL,1,221,0.19632244110107422,19,tensor(0.0593),tensor(0.0591, dtype=torch.float64),3.1424762501954273e+18,4.3810956152164844e+18,[add, tensor(4.4174), div, tensor(4.4174), add, add, add, tensor(4.4174), tensor(0.2484), div, 5, tensor(-3.9856), add, add, tensor(4.4174), tensor(0.2484), mul, tensor(0.2484), 4]
INFO:IP-SML,GeneticAlgorithm,1:GPOL,1,222,0.17930054664611816,19,tensor(0.0593),tensor(0.0591, dtype=torch.float64),3.3465332388048404e+18,4.4445973595228733e+18,[add, tensor(4.4174), div, tensor(4.4174), add, add, add, tensor(4.4174), tensor(0.2484), div, 5, tensor(-3.9856), add, add, tensor(4.4174), tensor(0.2484), mul, tensor(0.2484), 4]
INFO:IP-SML,GeneticAlgorithm,1:GPOL,1,223,0.19491171836853027,19,tensor(0.0593),tensor(0.0591, dtype=torch.float64),3.4281560342486057e+18,4.467124703508562e+18,[add, tensor(4.4174), div, tensor(4.4174), add, add, add, tensor(4.4174), tensor(0.2484), div, 5, tensor(-3.9856), add, add, tensor(4.4174), tensor(0.2484), mul, tensor(0.2484), 4]
INFO:IP-SML,GeneticAlgorithm,1:GPOL,1,224,0.18557405471801758,19,tensor(0.0593),tensor(0.0591, dtype=torch.float64),3.3465332388048404e+18,4.4445973595228733e+18,[add, tensor(4.4174), div, tensor(4.4174), add, add, add, tensor(4.4174), tensor(0.2484), div, 5, tensor(-3.9856), add, add, tensor(4.4174), tensor(0.2484), mul, tensor(0.2484), 4]
INFO:IP-SML,GeneticAlgorithm,1:GPOL,1,225,0.17921209335327148,19,tensor(0.0593),tensor(0.0591, dtype=torch.float64),3.4689674319704883e+18,4.477785293373571e+18,[add, tensor(4.4174), div, tensor(4.4174), add, add, add, tensor(4.4174), tensor(0.2484), div, 5, tensor(-3.9856), add, add, tensor(4.4174), tensor(0.2484), mul, tensor(0.2484), 4]
INFO:IP-SML,GeneticAlgorithm,1:GPOL,1,226,0.19034838676452637,19,tensor(0.0593),tensor(0.0591, dtype=torch.float64),3.264910443361075e+18,4.4204416388164485e+18,[add, tensor(4.4174), div, tensor(4.4174), add, add, add, tensor(4.4174), tensor(0.2484), div, 5, tensor(-3.9856), add, add, tensor(4.4174), tensor(0.2484), mul, tensor(0.2484), 4]
INFO:IP-SML,GeneticAlgorithm,1:GPOL,1,227,0.18318414688110352,19,tensor(0.0593),tensor(0.0591, dtype=torch.float64),3.305721841082958e+18,4.432724558088241e+18,[add, tensor(4.4174), div, tensor(4.4174), add, add, add, tensor(4.4174), tensor(0.2484), div, 5, tensor(-3.9856), add, add, tensor(4.4174), tensor(0.2484), mul, tensor(0.2484), 4]
INFO:IP-SML,GeneticAlgorithm,1:GPOL,1,228,0.19889426231384277,19,tensor(0.0593),tensor(0.0591, dtype=torch.float64),3.1016648524735447e+18,4.3671356658344264e+18,[add, tensor(4.4174), div, tensor(4.4174), add, add, add, tensor(4.4174), tensor(0.2484), div, 5, tensor(-3.9856), add, add, tensor(4.4174), tensor(0.2484), mul, tensor(0.2484), 4]
INFO:IP-SML,GeneticAlgorithm,1:GPOL,1,229,0.21302151679992676,19,tensor(0.0593),tensor(0.0591, dtype=torch.float64),3.3465332388048404e+18,4.4445973595228733e+18,[add, tensor(4.4174), div, tensor(4.4174), add, add, add, tensor(4.4174), tensor(0.2484), div, 5, tensor(-3.9856), add, add, tensor(4.4174), tensor(0.2484), mul, tensor(0.2484), 4]
INFO:IP-SML,GeneticAlgorithm,1:GPOL,1,230,0.1971604824066162,19,tensor(0.0593),tensor(0.0591, dtype=torch.float64),3.305721841082958e+18,4.432724558088241e+18,[add, tensor(4.4174), div, tensor(4.4174), add, add, add, tensor(4.4174), tensor(0.2484), div, 5, tensor(-3.9856), add, add, tensor(4.4174), tensor(0.2484), mul, tensor(0.2484), 4]
INFO:IP-SML,GeneticAlgorithm,1:GPOL,1,231,0.19642329216003418,19,tensor(0.0593),tensor(0.0591, dtype=torch.float64),3.18328764791731e+18,4.394630878232314e+18,[add, tensor(4.4174), div, tensor(4.4174), add, add, add, tensor(4.4174), tensor(0.2484), div, 5, tensor(-3.9856), add, add, tensor(4.4174), tensor(0.2484), mul, tensor(0.2484), 4]
INFO:IP-SML,GeneticAlgorithm,1:GPOL,1,232,0.19135379791259766,19,tensor(0.0593),tensor(0.0591, dtype=torch.float64),3.1424762501954273e+18,4.3810956152164844e+18,[add, tensor(4.4174), div, tensor(4.4174), add, add, add, tensor(4.4174), tensor(0.2484), div, 5, tensor(-3.9856), add, add, tensor(4.4174), tensor(0.2484), mul, tensor(0.2484), 4]
INFO:IP-SML,GeneticAlgorithm,1:GPOL,1,233,0.2288968563079834,19,tensor(0.0593),tensor(0.0591, dtype=torch.float64),3.0200420570297795e+18,4.3379235660297667e+18,[add, tensor(4.4174), div, tensor(4.4174), add, add, add, tensor(4.4174), tensor(0.2484), div, 5, tensor(-3.9856), add, add, tensor(4.4174), tensor(0.2484), mul, tensor(0.2484), 4]
INFO:IP-SML,GeneticAlgorithm,1:GPOL,1,234,0.18740320205688477,19,tensor(0.0593),tensor(0.0591, dtype=torch.float64),3.1424762501954273e+18,4.3810956152164844e+18,[add, tensor(4.4174), div, tensor(4.4174), add, add, add, tensor(4.4174), tensor(0.2484), div, 5, tensor(-3.9856), add, add, tensor(4.4174), tensor(0.2484), mul, tensor(0.2484), 4]
INFO:IP-SML,GeneticAlgorithm,1:GPOL,1,235,0.19306039810180664,19,tensor(0.0593),tensor(0.0591, dtype=torch.float64),3.2240990456391926e+18,4.407745028294705e+18,[add, tensor(4.4174), div, tensor(4.4174), add, add, add, tensor(4.4174), tensor(0.2484), div, 5, tensor(-3.9856), add, add, tensor(4.4174), tensor(0.2484), mul, tensor(0.2484), 4]
INFO:IP-SML,GeneticAlgorithm,1:GPOL,1,236,0.20897507667541504,19,tensor(0.0593),tensor(0.0591, dtype=torch.float64),3.060853454751662e+18,4.352746357161722e+18,[add, tensor(4.4174), div, tensor(4.4174), add, add, add, tensor(4.4174), tensor(0.2484), mul, tensor(0.2484), 4, add, add, tensor(4.4174), tensor(0.2484), div, 5, tensor(-3.9856)]
INFO:IP-SML,GeneticAlgorithm,1:GPOL,1,237,0.20138049125671387,19,tensor(0.0593),tensor(0.0591, dtype=torch.float64),3.0200420570297795e+18,4.3379235660297667e+18,[add, tensor(4.4174), div, tensor(4.4174), add, add, add, tensor(4.4174), tensor(0.2484), div, 5, tensor(-3.9856), add, add, tensor(4.4174), tensor(0.2484), mul, tensor(0.2484), 4]
INFO:IP-SML,GeneticAlgorithm,1:GPOL,1,238,0.21351027488708496,19,tensor(0.0593),tensor(0.0591, dtype=torch.float64),3.387344636526723e+18,4.4560627918994145e+18,[add, tensor(4.4174), div, tensor(4.4174), add, add, add, tensor(4.4174), tensor(0.2484), div, 5, tensor(-3.9856), add, add, tensor(4.4174), tensor(0.2484), mul, tensor(0.2484), 4]
INFO:IP-SML,GeneticAlgorithm,1:GPOL,1,239,0.20023727416992188,19,tensor(0.0593),tensor(0.0591, dtype=torch.float64),3.060853454751662e+18,4.352746357161722e+18,[add, tensor(4.4174), div, tensor(4.4174), add, add, add, tensor(4.4174), tensor(0.2484), div, 5, tensor(-3.9856), add, add, tensor(4.4174), tensor(0.2484), mul, tensor(0.2484), 4]
INFO:IP-SML,GeneticAlgorithm,1:GPOL,1,240,0.20259809494018555,19,tensor(0.0593),tensor(0.0591, dtype=torch.float64),3.18328764791731e+18,4.394630878232314e+18,[add, tensor(4.4174), div, tensor(4.4174), add, add, add, tensor(4.4174), tensor(0.2484), mul, tensor(0.2484), 4, add, add, tensor(4.4174), tensor(0.2484), div, 5, tensor(-3.9856)]
INFO:IP-SML,GeneticAlgorithm,1:GPOL,1,241,0.19028735160827637,19,tensor(0.0593),tensor(0.0591, dtype=torch.float64),3.264910443361075e+18,4.4204416388164485e+18,[add, tensor(4.4174), div, tensor(4.4174), add, add, add, tensor(4.4174), tensor(0.2484), div, 5, tensor(-3.9856), add, add, tensor(4.4174), tensor(0.2484), mul, tensor(0.2484), 4]
INFO:IP-SML,GeneticAlgorithm,1:GPOL,1,242,0.20650720596313477,19,tensor(0.0593),tensor(0.0591, dtype=torch.float64),3.305721841082958e+18,4.432724558088241e+18,[add, tensor(4.4174), div, tensor(4.4174), add, add, add, tensor(4.4174), tensor(0.2484), mul, tensor(0.2484), 4, add, add, tensor(4.4174), tensor(0.2484), div, 5, tensor(-3.9856)]
INFO:IP-SML,GeneticAlgorithm,1:GPOL,1,243,0.18724608421325684,19,tensor(0.0593),tensor(0.0591, dtype=torch.float64),3.0200420570297795e+18,4.3379235660297667e+18,[add, tensor(4.4174), div, tensor(4.4174), add, add, add, tensor(4.4174), tensor(0.2484), div, 5, tensor(-3.9856), add, add, tensor(4.4174), tensor(0.2484), mul, tensor(0.2484), 4]
INFO:IP-SML,GeneticAlgorithm,1:GPOL,1,244,0.22524309158325195,19,tensor(0.0593),tensor(0.0591, dtype=torch.float64),3.4281560342486057e+18,4.467124703508562e+18,[add, tensor(4.4174), div, tensor(4.4174), add, add, add, tensor(4.4174), tensor(0.2484), div, 5, tensor(-3.9856), add, add, tensor(4.4174), tensor(0.2484), mul, tensor(0.2484), 4]
INFO:IP-SML,GeneticAlgorithm,1:GPOL,1,245,0.2060842514038086,19,tensor(0.0593),tensor(0.0591, dtype=torch.float64),3.1424762501954273e+18,4.3810956152164844e+18,[add, tensor(4.4174), div, tensor(4.4174), add, add, add, tensor(4.4174), tensor(0.2484), div, 5, tensor(-3.9856), add, add, tensor(4.4174), tensor(0.2484), mul, tensor(0.2484), 4]
INFO:IP-SML,GeneticAlgorithm,1:GPOL,1,246,0.2323589324951172,19,tensor(0.0593),tensor(0.0591, dtype=torch.float64),2.856796741020156e+18,4.2742071420780544e+18,[add, tensor(4.4174), div, tensor(4.4174), add, add, add, tensor(4.4174), tensor(0.2484), mul, tensor(0.2484), 4, add, add, tensor(4.4174), tensor(0.2484), div, 5, tensor(-3.9856)]
INFO:IP-SML,GeneticAlgorithm,1:GPOL,1,247,0.18947720527648926,19,tensor(0.0593),tensor(0.0591, dtype=torch.float64),2.8976081387420385e+18,4.290809767657472e+18,[add, tensor(4.4174), div, tensor(4.4174), add, add, add, tensor(4.4174), tensor(0.2484), mul, tensor(0.2484), 4, add, add, tensor(4.4174), tensor(0.2484), div, 5, tensor(-3.9856)]
INFO:IP-SML,GeneticAlgorithm,1:GPOL,1,248,0.1844801902770996,19,tensor(0.0593),tensor(0.0591, dtype=torch.float64),3.387344636526723e+18,4.4560627918994145e+18,[add, tensor(4.4174), div, tensor(4.4174), add, add, add, tensor(4.4174), tensor(0.2484), mul, tensor(0.2484), 4, add, add, tensor(4.4174), tensor(0.2484), div, 5, tensor(-3.9856)]
INFO:IP-SML,GeneticAlgorithm,1:GPOL,1,249,0.1828618049621582,19,tensor(0.0593),tensor(0.0591, dtype=torch.float64),3.060853454751662e+18,4.352746357161722e+18,[add, tensor(4.4174), div, tensor(4.4174), add, add, add, tensor(4.4174), tensor(0.2484), div, 5, tensor(-3.9856), add, add, tensor(4.4174), tensor(0.2484), mul, tensor(0.2484), 4]
INFO:IP-SML,GeneticAlgorithm,1:GPOL,1,250,0.19266247749328613,19,tensor(0.0593),tensor(0.0591, dtype=torch.float64),3.18328764791731e+18,4.394630878232314e+18,[add, tensor(4.4174), div, tensor(4.4174), add, add, add, tensor(4.4174), tensor(0.2484), div, 5, tensor(-3.9856), add, add, tensor(4.4174), tensor(0.2484), mul, tensor(0.2484), 4]
INFO:IP-SML,GeneticAlgorithm,1:GPOL,1,251,0.18284320831298828,19,tensor(0.0593),tensor(0.0591, dtype=torch.float64),3.1016648524735447e+18,4.3671356658344264e+18,[add, tensor(4.4174), div, tensor(4.4174), add, add, add, tensor(4.4174), tensor(0.2484), mul, tensor(0.2484), 4, add, add, tensor(4.4174), tensor(0.2484), div, 5, tensor(-3.9856)]
INFO:IP-SML,GeneticAlgorithm,1:GPOL,1,252,0.20061230659484863,19,tensor(0.0593),tensor(0.0591, dtype=torch.float64),3.060853454751662e+18,4.352746357161722e+18,[add, tensor(4.4174), div, tensor(4.4174), add, add, add, tensor(4.4174), tensor(0.2484), mul, tensor(0.2484), 4, add, add, tensor(4.4174), tensor(0.2484), div, 5, tensor(-3.9856)]
INFO:IP-SML,GeneticAlgorithm,1:GPOL,1,253,0.20005345344543457,19,tensor(0.0593),tensor(0.0591, dtype=torch.float64),2.8159853432982733e+18,4.257146844783575e+18,[add, tensor(4.4174), div, tensor(4.4174), add, add, add, tensor(4.4174), tensor(0.2484), mul, tensor(0.2484), 4, add, add, tensor(4.4174), tensor(0.2484), div, 5, tensor(-3.9856)]
INFO:IP-SML,GeneticAlgorithm,1:GPOL,1,254,0.20640897750854492,19,tensor(0.0593),tensor(0.0591, dtype=torch.float64),3.18328764791731e+18,4.394630878232314e+18,[add, tensor(4.4174), div, tensor(4.4174), add, add, add, tensor(4.4174), tensor(0.2484), mul, tensor(0.2484), 4, add, add, tensor(4.4174), tensor(0.2484), div, 5, tensor(-3.9856)]
INFO:IP-SML,GeneticAlgorithm,1:GPOL,1,255,0.18583393096923828,19,tensor(0.0593),tensor(0.0591, dtype=torch.float64),3.632212747980112e+18,4.516474083898032e+18,[add, tensor(4.4174), div, tensor(4.4174), add, add, add, tensor(4.4174), tensor(0.2484), div, 5, tensor(-3.9856), add, add, tensor(4.4174), tensor(0.2484), mul, tensor(0.2484), 4]
INFO:IP-SML,GeneticAlgorithm,1:GPOL,1,256,0.19759917259216309,19,tensor(0.0593),tensor(0.0591, dtype=torch.float64),3.060853454751662e+18,4.352746357161722e+18,[add, tensor(4.4174), div, tensor(4.4174), add, add, add, tensor(4.4174), tensor(0.2484), mul, tensor(0.2484), 4, add, add, tensor(4.4174), tensor(0.2484), div, 5, tensor(-3.9856)]
INFO:IP-SML,GeneticAlgorithm,1:GPOL,1,257,0.26277589797973633,19,tensor(0.0593),tensor(0.0591, dtype=torch.float64),2.8976081387420385e+18,4.290809767657472e+18,[add, tensor(4.4174), div, tensor(4.4174), add, add, add, tensor(4.4174), tensor(0.2484), mul, tensor(0.2484), 4, add, add, tensor(4.4174), tensor(0.2484), div, 5, tensor(-3.9856)]
INFO:IP-SML,GeneticAlgorithm,1:GPOL,1,258,0.1973435878753662,19,tensor(0.0593),tensor(0.0591, dtype=torch.float64),3.509778829692371e+18,4.4880478600293253e+18,[add, tensor(4.4174), div, tensor(4.4174), add, add, add, tensor(4.4174), tensor(0.2484), mul, tensor(0.2484), 4, add, add, tensor(4.4174), tensor(0.2484), div, 5, tensor(-3.9856)]
INFO:IP-SML,GeneticAlgorithm,1:GPOL,1,259,0.20110726356506348,19,tensor(0.0593),tensor(0.0591, dtype=torch.float64),3.1016648524735447e+18,4.3671356658344264e+18,[add, tensor(4.4174), div, tensor(4.4174), add, add, add, tensor(4.4174), tensor(0.2484), div, 5, tensor(-3.9856), add, add, tensor(4.4174), tensor(0.2484), mul, tensor(0.2484), 4]
INFO:IP-SML,GeneticAlgorithm,1:GPOL,1,260,0.21074604988098145,19,tensor(0.0593),tensor(0.0591, dtype=torch.float64),3.5505902274142536e+18,4.497915427132801e+18,[add, tensor(4.4174), div, tensor(4.4174), add, add, add, tensor(4.4174), tensor(0.2484), mul, tensor(0.2484), 4, add, add, tensor(4.4174), tensor(0.2484), div, 5, tensor(-3.9856)]
INFO:IP-SML,GeneticAlgorithm,1:GPOL,1,261,0.1971430778503418,19,tensor(0.0593),tensor(0.0591, dtype=torch.float64),3.1424762501954273e+18,4.3810956152164844e+18,[add, tensor(4.4174), div, tensor(4.4174), add, add, add, tensor(4.4174), tensor(0.2484), mul, tensor(0.2484), 4, add, add, tensor(4.4174), tensor(0.2484), div, 5, tensor(-3.9856)]
INFO:IP-SML,GeneticAlgorithm,1:GPOL,1,262,0.21380376815795898,19,tensor(0.0593),tensor(0.0591, dtype=torch.float64),3.060853454751662e+18,4.352746357161722e+18,[add, tensor(4.4174), div, tensor(4.4174), add, add, add, tensor(4.4174), tensor(0.2484), mul, tensor(0.2484), 4, add, add, tensor(4.4174), tensor(0.2484), div, 5, tensor(-3.9856)]
INFO:IP-SML,GeneticAlgorithm,1:GPOL,1,263,0.1968846321105957,19,tensor(0.0593),tensor(0.0591, dtype=torch.float64),3.1016648524735447e+18,4.3671356658344264e+18,[add, tensor(4.4174), div, tensor(4.4174), add, add, add, tensor(4.4174), tensor(0.2484), mul, tensor(0.2484), 4, add, add, tensor(4.4174), tensor(0.2484), div, 5, tensor(-3.9856)]
INFO:IP-SML,GeneticAlgorithm,1:GPOL,1,264,0.1796116828918457,19,tensor(0.0593),tensor(0.0591, dtype=torch.float64),3.387344636526723e+18,4.4560627918994145e+18,[add, tensor(4.4174), div, tensor(4.4174), add, add, add, tensor(4.4174), tensor(0.2484), div, 5, tensor(-3.9856), add, add, tensor(4.4174), tensor(0.2484), mul, tensor(0.2484), 4]
INFO:IP-SML,GeneticAlgorithm,1:GPOL,1,265,0.2026076316833496,19,tensor(0.0593),tensor(0.0591, dtype=torch.float64),3.2240990456391926e+18,4.407745028294705e+18,[add, tensor(4.4174), div, tensor(4.4174), add, add, add, tensor(4.4174), tensor(0.2484), mul, tensor(0.2484), 4, add, add, tensor(4.4174), tensor(0.2484), div, 5, tensor(-3.9856)]
INFO:IP-SML,GeneticAlgorithm,1:GPOL,1,266,0.20829558372497559,19,tensor(0.0593),tensor(0.0591, dtype=torch.float64),2.6935511501326254e+18,4.203162748005122e+18,[add, tensor(4.4174), div, tensor(4.4174), add, add, add, tensor(4.4174), tensor(0.2484), div, 5, tensor(-3.9856), add, add, tensor(4.4174), tensor(0.2484), mul, tensor(0.2484), 4]
INFO:IP-SML,GeneticAlgorithm,1:GPOL,1,267,0.2015683650970459,19,tensor(0.0593),tensor(0.0591, dtype=torch.float64),3.1424762501954273e+18,4.3810956152164844e+18,[add, tensor(4.4174), div, tensor(4.4174), add, add, add, tensor(4.4174), tensor(0.2484), mul, tensor(0.2484), 4, add, add, tensor(4.4174), tensor(0.2484), div, 5, tensor(-3.9856)]
INFO:IP-SML,GeneticAlgorithm,1:GPOL,1,268,0.20436358451843262,19,tensor(0.0593),tensor(0.0591, dtype=torch.float64),3.305721841082958e+18,4.432724558088241e+18,[add, tensor(4.4174), div, tensor(4.4174), add, add, add, tensor(4.4174), tensor(0.2484), mul, tensor(0.2484), 4, add, add, tensor(4.4174), tensor(0.2484), div, 5, tensor(-3.9856)]
INFO:IP-SML,GeneticAlgorithm,1:GPOL,1,269,0.21681571006774902,19,tensor(0.0593),tensor(0.0591, dtype=torch.float64),2.652739752410743e+18,4.1842137646120305e+18,[add, tensor(4.4174), div, tensor(4.4174), add, add, add, tensor(4.4174), tensor(0.2484), mul, tensor(0.2484), 4, add, add, tensor(4.4174), tensor(0.2484), div, 5, tensor(-3.9856)]
INFO:IP-SML,GeneticAlgorithm,1:GPOL,1,270,0.18402338027954102,19,tensor(0.0593),tensor(0.0591, dtype=torch.float64),3.18328764791731e+18,4.394630878232314e+18,[add, tensor(4.4174), div, tensor(4.4174), add, add, add, tensor(4.4174), tensor(0.2484), mul, tensor(0.2484), 4, add, add, tensor(4.4174), tensor(0.2484), div, 5, tensor(-3.9856)]
INFO:IP-SML,GeneticAlgorithm,1:GPOL,1,271,0.2019808292388916,19,tensor(0.0593),tensor(0.0591, dtype=torch.float64),2.6935511501326254e+18,4.203162748005122e+18,[add, tensor(4.4174), div, tensor(4.4174), add, add, add, tensor(4.4174), tensor(0.2484), mul, tensor(0.2484), 4, add, add, tensor(4.4174), tensor(0.2484), div, 5, tensor(-3.9856)]
INFO:IP-SML,GeneticAlgorithm,1:GPOL,1,272,0.18633270263671875,19,tensor(0.0593),tensor(0.0591, dtype=torch.float64),3.6730241457019945e+18,4.5251706711179264e+18,[add, tensor(4.4174), div, tensor(4.4174), add, add, add, tensor(4.4174), tensor(0.2484), mul, tensor(0.2484), 4, add, add, tensor(4.4174), tensor(0.2484), div, 5, tensor(-3.9856)]
INFO:IP-SML,GeneticAlgorithm,1:GPOL,1,273,0.18364405632019043,19,tensor(0.0593),tensor(0.0591, dtype=torch.float64),2.8159853432982733e+18,4.257146844783575e+18,[add, tensor(4.4174), div, tensor(4.4174), add, add, add, tensor(4.4174), tensor(0.2484), mul, tensor(0.2484), 4, add, add, tensor(4.4174), tensor(0.2484), div, 5, tensor(-3.9856)]
INFO:IP-SML,GeneticAlgorithm,1:GPOL,1,274,0.1853628158569336,19,tensor(0.0593),tensor(0.0591, dtype=torch.float64),3.591401625136136e+18,4.507389918829347e+18,[add, tensor(4.4174), div, tensor(4.4174), add, add, add, tensor(4.4174), tensor(0.2484), mul, tensor(0.2484), 4, add, add, tensor(4.4174), tensor(0.2484), div, 5, tensor(-3.9856)]
INFO:IP-SML,GeneticAlgorithm,1:GPOL,1,275,0.20389246940612793,19,tensor(0.0593),tensor(0.0591, dtype=torch.float64),3.264910443361075e+18,4.4204416388164485e+18,[add, tensor(4.4174), div, tensor(4.4174), add, add, add, tensor(4.4174), tensor(0.2484), mul, tensor(0.2484), 4, add, add, tensor(4.4174), tensor(0.2484), div, 5, tensor(-3.9856)]
INFO:IP-SML,GeneticAlgorithm,1:GPOL,1,276,0.1824638843536377,19,tensor(0.0593),tensor(0.0591, dtype=torch.float64),3.264910443361075e+18,4.4204416388164485e+18,[add, tensor(4.4174), div, tensor(4.4174), add, add, add, tensor(4.4174), tensor(0.2484), mul, tensor(0.2484), 4, add, add, tensor(4.4174), tensor(0.2484), div, 5, tensor(-3.9856)]
INFO:IP-SML,GeneticAlgorithm,1:GPOL,1,277,0.18560218811035156,19,tensor(0.0593),tensor(0.0591, dtype=torch.float64),3.18328764791731e+18,4.394630878232314e+18,[add, tensor(4.4174), div, tensor(4.4174), add, add, add, tensor(4.4174), tensor(0.2484), div, 5, tensor(-3.9856), add, add, tensor(4.4174), tensor(0.2484), mul, tensor(0.2484), 4]
INFO:IP-SML,GeneticAlgorithm,1:GPOL,1,278,0.20662450790405273,19,tensor(0.0593),tensor(0.0591, dtype=torch.float64),3.1424762501954273e+18,4.3810956152164844e+18,[add, tensor(4.4174), div, tensor(4.4174), add, add, add, tensor(4.4174), tensor(0.2484), mul, tensor(0.2484), 4, add, add, tensor(4.4174), tensor(0.2484), div, 5, tensor(-3.9856)]
INFO:IP-SML,GeneticAlgorithm,1:GPOL,1,279,0.21349859237670898,19,tensor(0.0593),tensor(0.0591, dtype=torch.float64),2.8976081387420385e+18,4.290809767657472e+18,[add, tensor(4.4174), div, tensor(4.4174), add, add, add, tensor(4.4174), tensor(0.2484), mul, tensor(0.2484), 4, add, add, tensor(4.4174), tensor(0.2484), div, 5, tensor(-3.9856)]
INFO:IP-SML,GeneticAlgorithm,1:GPOL,1,280,0.2284693717956543,19,tensor(0.0593),tensor(0.0591, dtype=torch.float64),3.305721841082958e+18,4.432724558088241e+18,[add, tensor(4.4174), div, tensor(4.4174), add, add, add, tensor(4.4174), tensor(0.2484), mul, tensor(0.2484), 4, add, add, tensor(4.4174), tensor(0.2484), div, 5, tensor(-3.9856)]
INFO:IP-SML,GeneticAlgorithm,1:GPOL,1,281,0.2009427547454834,19,tensor(0.0593),tensor(0.0591, dtype=torch.float64),3.060853454751662e+18,4.352746357161722e+18,[add, tensor(4.4174), div, tensor(4.4174), add, add, add, tensor(4.4174), tensor(0.2484), mul, tensor(0.2484), 4, add, add, tensor(4.4174), tensor(0.2484), div, 5, tensor(-3.9856)]
INFO:IP-SML,GeneticAlgorithm,1:GPOL,1,282,0.21985483169555664,19,tensor(0.0593),tensor(0.0591, dtype=torch.float64),2.856796741020156e+18,4.2742071420780544e+18,[add, tensor(4.4174), div, tensor(4.4174), add, add, add, tensor(4.4174), tensor(0.2484), mul, tensor(0.2484), 4, add, add, tensor(4.4174), tensor(0.2484), div, 5, tensor(-3.9856)]
INFO:IP-SML,GeneticAlgorithm,1:GPOL,1,283,0.21340441703796387,19,tensor(0.0593),tensor(0.0591, dtype=torch.float64),3.060853454751662e+18,4.352746357161722e+18,[add, tensor(4.4174), div, tensor(4.4174), add, add, add, tensor(4.4174), tensor(0.2484), div, 5, tensor(-3.9856), add, add, tensor(4.4174), tensor(0.2484), mul, tensor(0.2484), 4]
INFO:IP-SML,GeneticAlgorithm,1:GPOL,1,284,0.20999550819396973,19,tensor(0.0593),tensor(0.0591, dtype=torch.float64),3.2240990456391926e+18,4.407745028294705e+18,[add, tensor(4.4174), div, tensor(4.4174), add, add, add, tensor(4.4174), tensor(0.2484), div, 5, tensor(-3.9856), add, add, tensor(4.4174), tensor(0.2484), mul, tensor(0.2484), 4]
INFO:IP-SML,GeneticAlgorithm,1:GPOL,1,285,0.21429848670959473,19,tensor(0.0593),tensor(0.0591, dtype=torch.float64),3.18328764791731e+18,4.394630878232314e+18,[add, tensor(4.4174), div, tensor(4.4174), add, add, add, tensor(4.4174), tensor(0.2484), mul, tensor(0.2484), 4, add, add, tensor(4.4174), tensor(0.2484), div, 5, tensor(-3.9856)]
INFO:IP-SML,GeneticAlgorithm,1:GPOL,1,286,0.23230195045471191,19,tensor(0.0593),tensor(0.0591, dtype=torch.float64),3.591401625136136e+18,4.507389918829347e+18,[add, tensor(4.4174), div, tensor(4.4174), add, add, add, tensor(4.4174), tensor(0.2484), mul, tensor(0.2484), 4, add, add, tensor(4.4174), tensor(0.2484), div, 5, tensor(-3.9856)]
INFO:IP-SML,GeneticAlgorithm,1:GPOL,1,287,0.26424121856689453,19,tensor(0.0593),tensor(0.0591, dtype=torch.float64),3.18328764791731e+18,4.394630878232314e+18,[add, tensor(4.4174), div, tensor(4.4174), add, add, add, tensor(4.4174), tensor(0.2484), div, 5, tensor(-3.9856), add, add, tensor(4.4174), tensor(0.2484), mul, tensor(0.2484), 4]
INFO:IP-SML,GeneticAlgorithm,1:GPOL,1,288,0.22999000549316406,19,tensor(0.0593),tensor(0.0591, dtype=torch.float64),3.060853454751662e+18,4.352746357161722e+18,[add, tensor(4.4174), div, tensor(4.4174), add, add, add, tensor(4.4174), tensor(0.2484), mul, tensor(0.2484), 4, add, add, tensor(4.4174), tensor(0.2484), div, 5, tensor(-3.9856)]
INFO:IP-SML,GeneticAlgorithm,1:GPOL,1,289,0.21558904647827148,19,tensor(0.0593),tensor(0.0591, dtype=torch.float64),3.0200420570297795e+18,4.3379235660297667e+18,[add, tensor(4.4174), div, tensor(4.4174), add, add, add, tensor(4.4174), tensor(0.2484), mul, tensor(0.2484), 4, add, add, tensor(4.4174), tensor(0.2484), div, 5, tensor(-3.9856)]
INFO:IP-SML,GeneticAlgorithm,1:GPOL,1,290,0.2521786689758301,19,tensor(0.0593),tensor(0.0591, dtype=torch.float64),3.264910443361075e+18,4.4204416388164485e+18,[add, tensor(4.4174), div, tensor(4.4174), add, add, add, tensor(4.4174), tensor(0.2484), mul, tensor(0.2484), 4, add, add, tensor(4.4174), tensor(0.2484), div, 5, tensor(-3.9856)]
INFO:IP-SML,GeneticAlgorithm,1:GPOL,1,291,0.22992563247680664,19,tensor(0.0593),tensor(0.0591, dtype=torch.float64),3.4689674319704883e+18,4.477785293373571e+18,[add, tensor(4.4174), div, tensor(4.4174), add, add, add, tensor(4.4174), tensor(0.2484), mul, tensor(0.2484), 4, add, add, tensor(4.4174), tensor(0.2484), div, 5, tensor(-3.9856)]
INFO:IP-SML,GeneticAlgorithm,1:GPOL,1,292,0.22876214981079102,19,tensor(0.0593),tensor(0.0591, dtype=torch.float64),3.387344636526723e+18,4.4560627918994145e+18,[add, tensor(4.4174), div, tensor(4.4174), add, add, add, tensor(4.4174), tensor(0.2484), div, 5, tensor(-3.9856), add, add, tensor(4.4174), tensor(0.2484), mul, tensor(0.2484), 4]
INFO:IP-SML,GeneticAlgorithm,1:GPOL,1,293,0.20432472229003906,19,tensor(0.0593),tensor(0.0591, dtype=torch.float64),3.3465332388048404e+18,4.4445973595228733e+18,[add, tensor(4.4174), div, tensor(4.4174), add, add, add, tensor(4.4174), tensor(0.2484), mul, tensor(0.2484), 4, add, add, tensor(4.4174), tensor(0.2484), div, 5, tensor(-3.9856)]
INFO:IP-SML,GeneticAlgorithm,1:GPOL,1,294,0.21608424186706543,19,tensor(0.0593),tensor(0.0591, dtype=torch.float64),3.2240990456391926e+18,4.407745028294705e+18,[add, tensor(4.4174), div, tensor(4.4174), add, add, add, tensor(4.4174), tensor(0.2484), div, 5, tensor(-3.9856), add, add, tensor(4.4174), tensor(0.2484), mul, tensor(0.2484), 4]
INFO:IP-SML,GeneticAlgorithm,1:GPOL,1,295,0.19533801078796387,19,tensor(0.0593),tensor(0.0591, dtype=torch.float64),3.060853454751662e+18,4.352746357161722e+18,[add, tensor(4.4174), div, tensor(4.4174), add, add, add, tensor(4.4174), tensor(0.2484), div, 5, tensor(-3.9856), add, add, tensor(4.4174), tensor(0.2484), mul, tensor(0.2484), 4]
INFO:IP-SML,GeneticAlgorithm,1:GPOL,1,296,0.2033388614654541,19,tensor(0.0593),tensor(0.0591, dtype=torch.float64),3.264910443361075e+18,4.4204416388164485e+18,[add, tensor(4.4174), div, tensor(4.4174), add, add, add, tensor(4.4174), tensor(0.2484), mul, tensor(0.2484), 4, add, add, tensor(4.4174), tensor(0.2484), div, 5, tensor(-3.9856)]
INFO:IP-SML,GeneticAlgorithm,1:GPOL,1,297,0.21319174766540527,19,tensor(0.0593),tensor(0.0591, dtype=torch.float64),3.1424762501954273e+18,4.3810956152164844e+18,[add, tensor(4.4174), div, tensor(4.4174), add, add, add, tensor(4.4174), tensor(0.2484), mul, tensor(0.2484), 4, add, add, tensor(4.4174), tensor(0.2484), div, 5, tensor(-3.9856)]
INFO:IP-SML,GeneticAlgorithm,1:GPOL,1,298,0.19167208671569824,19,tensor(0.0593),tensor(0.0591, dtype=torch.float64),3.2240990456391926e+18,4.407745028294705e+18,[add, tensor(4.4174), div, tensor(4.4174), add, add, add, tensor(4.4174), tensor(0.2484), div, 5, tensor(-3.9856), add, add, tensor(4.4174), tensor(0.2484), mul, tensor(0.2484), 4]
INFO:IP-SML,GeneticAlgorithm,1:GPOL,1,299,0.19246888160705566,19,tensor(0.0593),tensor(0.0591, dtype=torch.float64),3.1016648524735447e+18,4.3671356658344264e+18,[add, tensor(4.4174), div, tensor(4.4174), add, add, add, tensor(4.4174), tensor(0.2484), mul, tensor(0.2484), 4, add, add, tensor(4.4174), tensor(0.2484), div, 5, tensor(-3.9856)]
INFO:IP-SML,GeneticAlgorithm,1:GPOL,1,300,0.21596670150756836,19,tensor(0.0593),tensor(0.0591, dtype=torch.float64),3.1016648524735447e+18,4.3671356658344264e+18,[add, tensor(4.4174), div, tensor(4.4174), add, add, add, tensor(4.4174), tensor(0.2484), mul, tensor(0.2484), 4, add, add, tensor(4.4174), tensor(0.2484), div, 5, tensor(-3.9856)]
INFO:IP-SML,GeneticAlgorithm,1:GPOL,1,301,0.22084641456604004,19,tensor(0.0593),tensor(0.0591, dtype=torch.float64),3.3465332388048404e+18,4.4445973595228733e+18,[add, tensor(4.4174), div, tensor(4.4174), add, add, add, tensor(4.4174), tensor(0.2484), mul, tensor(0.2484), 4, add, add, tensor(4.4174), tensor(0.2484), div, 5, tensor(-3.9856)]
INFO:IP-SML,GeneticAlgorithm,1:GPOL,1,302,0.25037145614624023,19,tensor(0.0593),tensor(0.0591, dtype=torch.float64),3.1424762501954273e+18,4.3810956152164844e+18,[add, tensor(4.4174), div, tensor(4.4174), add, add, add, tensor(4.4174), tensor(0.2484), mul, tensor(0.2484), 4, add, add, tensor(4.4174), tensor(0.2484), div, 5, tensor(-3.9856)]
INFO:IP-SML,GeneticAlgorithm,1:GPOL,1,303,0.23246502876281738,19,tensor(0.0593),tensor(0.0591, dtype=torch.float64),3.1424762501954273e+18,4.3810956152164844e+18,[add, tensor(4.4174), div, tensor(4.4174), add, add, add, tensor(4.4174), tensor(0.2484), div, 5, tensor(-3.9856), add, add, tensor(4.4174), tensor(0.2484), mul, tensor(0.2484), 4]
INFO:IP-SML,GeneticAlgorithm,1:GPOL,1,304,0.24794292449951172,19,tensor(0.0593),tensor(0.0591, dtype=torch.float64),3.1016648524735447e+18,4.3671356658344264e+18,[add, tensor(4.4174), div, tensor(4.4174), add, add, add, tensor(4.4174), tensor(0.2484), div, 5, tensor(-3.9856), add, add, tensor(4.4174), tensor(0.2484), mul, tensor(0.2484), 4]
INFO:IP-SML,GeneticAlgorithm,1:GPOL,1,305,0.24369049072265625,19,tensor(0.0593),tensor(0.0591, dtype=torch.float64),2.938419536463921e+18,4.3069602190799667e+18,[add, tensor(4.4174), div, tensor(4.4174), add, add, add, tensor(4.4174), tensor(0.2484), div, 5, tensor(-3.9856), add, add, tensor(4.4174), tensor(0.2484), mul, tensor(0.2484), 4]
INFO:IP-SML,GeneticAlgorithm,1:GPOL,1,306,0.28083109855651855,19,tensor(0.0593),tensor(0.0591, dtype=torch.float64),2.8159853432982733e+18,4.257146844783575e+18,[add, tensor(4.4174), div, tensor(4.4174), add, add, add, tensor(4.4174), tensor(0.2484), div, 5, tensor(-3.9856), add, add, tensor(4.4174), tensor(0.2484), mul, tensor(0.2484), 4]
INFO:IP-SML,GeneticAlgorithm,1:GPOL,1,307,0.2589089870452881,19,tensor(0.0593),tensor(0.0591, dtype=torch.float64),3.2240990456391926e+18,4.407745028294705e+18,[add, tensor(4.4174), div, tensor(4.4174), add, add, add, tensor(4.4174), tensor(0.2484), mul, tensor(0.2484), 4, add, add, tensor(4.4174), tensor(0.2484), div, 5, tensor(-3.9856)]
INFO:IP-SML,GeneticAlgorithm,1:GPOL,1,308,0.24326658248901367,19,tensor(0.0593),tensor(0.0591, dtype=torch.float64),3.4281560342486057e+18,4.467124703508562e+18,[add, tensor(4.4174), div, tensor(4.4174), add, add, add, tensor(4.4174), tensor(0.2484), div, 5, tensor(-3.9856), add, add, tensor(4.4174), tensor(0.2484), mul, tensor(0.2484), 4]
INFO:IP-SML,GeneticAlgorithm,1:GPOL,1,309,0.21761870384216309,19,tensor(0.0593),tensor(0.0591, dtype=torch.float64),2.979230659307897e+18,4.3226631692699566e+18,[add, tensor(4.4174), div, tensor(4.4174), add, add, add, tensor(4.4174), tensor(0.2484), div, 5, tensor(-3.9856), add, add, tensor(4.4174), tensor(0.2484), mul, tensor(0.2484), 4]
INFO:IP-SML,GeneticAlgorithm,1:GPOL,1,310,0.21665334701538086,19,tensor(0.0593),tensor(0.0591, dtype=torch.float64),3.4281560342486057e+18,4.467124703508562e+18,[add, tensor(4.4174), div, tensor(4.4174), add, add, add, tensor(4.4174), tensor(0.2484), div, 5, tensor(-3.9856), add, add, tensor(4.4174), tensor(0.2484), mul, tensor(0.2484), 4]
